#
# There is insufficient memory for the Java Runtime Environment to continue.
# Native memory allocation (mmap) failed to map 136314880 bytes for Failed to commit area from 0x00000000cb600000 to 0x00000000d3800000 of length 136314880.
# Possible reasons:
#   The system is out of physical RAM or swap space
#   The process is running with CompressedOops enabled, and the Java Heap may be blocking the growth of the native heap
# Possible solutions:
#   Reduce memory load on the system
#   Increase physical memory or swap space
#   Check if swap backing store is full
#   Decrease Java heap size (-Xmx/-Xms)
#   Decrease number of Java threads
#   Decrease Java thread stack sizes (-Xss)
#   Set larger code cache with -XX:ReservedCodeCacheSize=
#   JVM is running with Unscaled Compressed Oops mode in which the Java heap is
#     placed in the first 4GB address space. The Java Heap base address is the
#     maximum limit for the native heap growth. Please use -XX:HeapBaseMinAddress
#     to set the Java Heap base and to place the Java Heap above 4GB virtual address.
# This output file may be truncated or incomplete.
#
#  Out of Memory Error (./open/src/hotspot/os/windows/os_windows.cpp:3273), pid=8284, tid=5324
#
# JRE version: Java(TM) SE Runtime Environment 18.9 (11.0.10+8) (build 11.0.10+8-LTS-162)
# Java VM: Java HotSpot(TM) 64-Bit Server VM 18.9 (11.0.10+8-LTS-162, mixed mode, tiered, compressed oops, g1 gc, windows-amd64)
# No core dump will be written. Minidumps are not enabled by default on client versions of Windows
#

---------------  S U M M A R Y ------------

Command Line: -Dcom.sun.management.jmxremote -Dcom.sun.management.jmxremote.port=61501 -Dcom.sun.management.jmxremote.authenticate=false -Dcom.sun.management.jmxremote.ssl=false -Djava.rmi.server.hostname=localhost -Dspring.jmx.enabled=true -Dspring.application.admin.enabled=true -XX:TieredStopAtLevel=1 -Dspring.boot.project.name=pokemon -Dfile.encoding=UTF-8 com.pokemon.PokemonApplication

Host: Intel(R) Core(TM) i5 CPU       M 450  @ 2.40GHz, 4 cores, 3G,  Windows 10 , 64 bit Build 19041 (10.0.19041.928)
Time: Sat Jun  5 22:55:32 2021 Hora oficial do Brasil elapsed time: 44.493007 seconds (0d 0h 0m 44s)

---------------  T H R E A D  ---------------

Current thread (0x000001aa3c1c6000):  VMThread "VM Thread" [stack: 0x000000614ab00000,0x000000614ac00000] [id=5324]

Stack: [0x000000614ab00000,0x000000614ac00000]
[error occurred during error reporting (printing stack bounds), id 0xc0000005, EXCEPTION_ACCESS_VIOLATION (0xc0000005) at pc=0x000001aa28910f3d]

Native frames: (J=compiled Java code, j=interpreted, Vv=VM code, C=native code)
V  [jvm.dll+0x613e6a]
V  [jvm.dll+0x74c1ff]
V  [jvm.dll+0x74d885]
V  [jvm.dll+0x74de65]
V  [jvm.dll+0x74de1b]
V  [jvm.dll+0x6136a3]
V  [jvm.dll+0x613a68]
C  [ntdll.dll+0xa217f]
C  [ntdll.dll+0x51454]
C  [ntdll.dll+0xa0cae]
C  0x000001aa28910f3d

VM_Operation (0x000000614d2fd2b0): G1CollectForAllocation, mode: safepoint, requested by thread 0x000001aa447fd800


---------------  P R O C E S S  ---------------

Threads class SMR info:
_java_thread_list=0x000001aa4445ae90, length=34, elements={
0x000001aa20495800, 0x000001aa3c1ec800, 0x000001aa3c1f7000, 0x000001aa3c243800,
0x000001aa3c246000, 0x000001aa3c248000, 0x000001aa3c25c800, 0x000001aa3c194800,
0x000001aa3cd99800, 0x000001aa3dd81800, 0x000001aa3dda3000, 0x000001aa3de08000,
0x000001aa3de08800, 0x000001aa3de8f800, 0x000001aa3deb8000, 0x000001aa3e18c800,
0x000001aa3e26d000, 0x000001aa3e275800, 0x000001aa40509800, 0x000001aa40506000,
0x000001aa4050a000, 0x000001aa4050b000, 0x000001aa40505000, 0x000001aa4050c000,
0x000001aa40507800, 0x000001aa40507000, 0x000001aa40508800, 0x000001aa447f7000,
0x000001aa447fb000, 0x000001aa447fb800, 0x000001aa447f8800, 0x000001aa447fc800,
0x000001aa447fd800, 0x000001aa447f7800
}

Java Threads: ( => current thread )
  0x000001aa20495800 JavaThread "main" [_thread_blocked, id=14868, stack(0x000000614a500000,0x000000614a600000)]
  0x000001aa3c1ec800 JavaThread "Reference Handler" daemon [_thread_blocked, id=11092, stack(0x000000614ac00000,0x000000614ad00000)]
  0x000001aa3c1f7000 JavaThread "Finalizer" daemon [_thread_blocked, id=9684, stack(0x000000614ad00000,0x000000614ae00000)]
  0x000001aa3c243800 JavaThread "Signal Dispatcher" daemon [_thread_blocked, id=15232, stack(0x000000614ae00000,0x000000614af00000)]
  0x000001aa3c246000 JavaThread "Attach Listener" daemon [_thread_blocked, id=1084, stack(0x000000614af00000,0x000000614b000000)]
  0x000001aa3c248000 JavaThread "C1 CompilerThread0" daemon [_thread_blocked, id=7040, stack(0x000000614b000000,0x000000614b100000)]
  0x000001aa3c25c800 JavaThread "Sweeper thread" daemon [_thread_blocked, id=12492, stack(0x000000614b100000,0x000000614b200000)]
  0x000001aa3c194800 JavaThread "Common-Cleaner" daemon [_thread_blocked, id=6448, stack(0x000000614b200000,0x000000614b300000)]
  0x000001aa3cd99800 JavaThread "Service Thread" daemon [_thread_blocked, id=4412, stack(0x000000614b300000,0x000000614b400000)]
  0x000001aa3dd81800 JavaThread "RMI TCP Accept-0" daemon [_thread_in_native, id=228, stack(0x000000614b500000,0x000000614b600000)]
  0x000001aa3dda3000 JavaThread "RMI TCP Accept-61501" daemon [_thread_in_native, id=15340, stack(0x000000614b600000,0x000000614b700000)]
  0x000001aa3de08000 JavaThread "RMI TCP Connection(idle)" daemon [_thread_blocked, id=11248, stack(0x000000614b700000,0x000000614b800000)]
  0x000001aa3de08800 JavaThread "RMI TCP Accept-0" daemon [_thread_in_native, id=7704, stack(0x000000614b800000,0x000000614b900000)]
  0x000001aa3de8f800 JavaThread "RMI Scheduler(0)" daemon [_thread_blocked, id=1316, stack(0x000000614ba00000,0x000000614bb00000)]
  0x000001aa3deb8000 JavaThread "RMI TCP Connection(2)-127.0.0.1" daemon [_thread_in_native, id=2924, stack(0x000000614bb00000,0x000000614bc00000)]
  0x000001aa3e18c800 JavaThread "JMX server connection timeout 19" daemon [_thread_blocked, id=13084, stack(0x000000614bc00000,0x000000614bd00000)]
  0x000001aa3e26d000 JavaThread "Thread-0" [_thread_blocked, id=3564, stack(0x000000614bd00000,0x000000614be00000)]
  0x000001aa3e275800 JavaThread "restartedMain" [_thread_blocked, id=7204, stack(0x000000614be00000,0x000000614bf00000)]
  0x000001aa40509800 JavaThread "Catalina-utility-1" [_thread_blocked, id=10160, stack(0x000000614c100000,0x000000614c200000)]
  0x000001aa40506000 JavaThread "Catalina-utility-2" [_thread_blocked, id=5096, stack(0x000000614c200000,0x000000614c300000)]
  0x000001aa4050a000 JavaThread "container-0" [_thread_blocked, id=2908, stack(0x000000614c300000,0x000000614c400000)]
  0x000001aa4050b000 JavaThread "PostgreSQL-JDBC-SharedTimer-1" daemon [_thread_blocked, id=6048, stack(0x000000614c500000,0x000000614c600000)]
  0x000001aa40505000 JavaThread "HikariPool-1 housekeeper" daemon [_thread_blocked, id=13964, stack(0x000000614c600000,0x000000614c700000)]
  0x000001aa4050c000 JavaThread "HikariPool-1 connection adder" daemon [_thread_blocked, id=2316, stack(0x000000614c700000,0x000000614c800000)]
  0x000001aa40507800 JavaThread "Live Reload Server" daemon [_thread_in_native, id=11356, stack(0x000000614cb00000,0x000000614cc00000)]
  0x000001aa40507000 JavaThread "java-sdk-http-connection-reaper" daemon [_thread_blocked, id=11280, stack(0x000000614ca00000,0x000000614cb00000)]
  0x000001aa40508800 JavaThread "ClassGraph-worker-16" daemon [_thread_blocked, id=4732, stack(0x000000614cc00000,0x000000614cd00000)]
  0x000001aa447f7000 JavaThread "ClassGraph-worker-17" daemon [_thread_blocked, id=2964, stack(0x000000614cd00000,0x000000614ce00000)]
  0x000001aa447fb000 JavaThread "ClassGraph-worker-18" daemon [_thread_blocked, id=14364, stack(0x000000614ce00000,0x000000614cf00000)]
  0x000001aa447fb800 JavaThread "ClassGraph-worker-19" daemon [_thread_blocked, id=9576, stack(0x000000614cf00000,0x000000614d000000)]
  0x000001aa447f8800 JavaThread "ClassGraph-worker-20" daemon [_thread_blocked, id=2188, stack(0x000000614d000000,0x000000614d100000)]
  0x000001aa447fc800 JavaThread "ClassGraph-worker-21" daemon [_thread_blocked, id=10732, stack(0x000000614d100000,0x000000614d200000)]
  0x000001aa447fd800 JavaThread "ClassGraph-worker-22" daemon [_thread_blocked, id=3136, stack(0x000000614d200000,0x000000614d300000)]
  0x000001aa447f7800 JavaThread "ClassGraph-worker-23" daemon [_thread_blocked, id=12344, stack(0x000000614d300000,0x000000614d400000)]

Other Threads:
=>0x000001aa3c1c6000 VMThread "VM Thread" [stack: 0x000000614ab00000,0x000000614ac00000] [id=5324]
  0x000001aa3de15800 WatcherThread [stack: 0x000000614b900000,0x000000614ba00000] [id=6576]
  0x000001aa204a9000 GCTaskThread "GC Thread#0" [stack: 0x000000614a600000,0x000000614a700000] [id=1752]
  0x000001aa3d6db800 GCTaskThread "GC Thread#1" [stack: 0x000000614b400000,0x000000614b500000] [id=10980]
  0x000001aa3e279000 GCTaskThread "GC Thread#2" [stack: 0x000000614bf00000,0x000000614c000000] [id=7164]
  0x000001aa3e2ba000 GCTaskThread "GC Thread#3" [stack: 0x000000614c000000,0x000000614c100000] [id=14488]
  0x000001aa204c5000 ConcurrentGCThread "G1 Main Marker" [stack: 0x000000614a700000,0x000000614a800000] [id=13612]
  0x000001aa204c8000 ConcurrentGCThread "G1 Conc#0" [stack: 0x000000614a800000,0x000000614a900000] [id=976]
  0x000001aa2050e000 ConcurrentGCThread "G1 Refine#0" [stack: 0x000000614a900000,0x000000614aa00000] [id=7680]
  0x000001aa20511000 ConcurrentGCThread "G1 Young RemSet Sampling" [stack: 0x000000614aa00000,0x000000614ab00000] [id=5844]

Threads with active compile tasks:

VM state:at safepoint (normal execution)

VM Mutex/Monitor currently owned by a thread:  ([mutex/lock_event])
[0x000001aa204922d0] Threads_lock - owner thread: 0x000001aa3c1c6000
[0x000001aa20491e50] Heap_lock - owner thread: 0x000001aa447fd800

Heap address: 0x00000000c3400000, size: 972 MB, Compressed Oops mode: 32-bit
Narrow klass base: 0x0000000000000000, Narrow klass shift: 3
Compressed class space size: 1073741824 Address: 0x0000000100000000

Heap:
 garbage-first heap   total 266240K, used 102728K [0x00000000c3400000, 0x0000000100000000)
  region size 1024K, 2 young (2048K), 2 survivors (2048K)
 Metaspace       used 73478K, capacity 75421K, committed 75648K, reserved 1114112K
  class space    used 9878K, capacity 10616K, committed 10624K, reserved 1048576K
Heap Regions: E=young(eden), S=young(survivor), O=old, HS=humongous(starts), HC=humongous(continues), CS=collection set, F=free, A=archive, TAMS=top-at-mark-start (previous, next)
|   0|0x00000000c3400000, 0x00000000c3500000, 0x00000000c3500000|100%|HS|  |TAMS 0x00000000c3500000, 0x00000000c3400000| Complete 
|   1|0x00000000c3500000, 0x00000000c3600000, 0x00000000c3600000|100%| O|  |TAMS 0x00000000c3600000, 0x00000000c3500000| Updating 
|   2|0x00000000c3600000, 0x00000000c3700000, 0x00000000c3700000|100%| O|  |TAMS 0x00000000c3700000, 0x00000000c3600000| Updating 
|   3|0x00000000c3700000, 0x00000000c3800000, 0x00000000c3800000|100%| O|  |TAMS 0x00000000c3800000, 0x00000000c3700000| Updating 
|   4|0x00000000c3800000, 0x00000000c3900000, 0x00000000c3900000|100%| O|  |TAMS 0x00000000c3900000, 0x00000000c3800000| Updating 
|   5|0x00000000c3900000, 0x00000000c3a00000, 0x00000000c3a00000|100%| O|  |TAMS 0x00000000c3a00000, 0x00000000c3900000| Updating 
|   6|0x00000000c3a00000, 0x00000000c3b00000, 0x00000000c3b00000|100%| O|  |TAMS 0x00000000c3b00000, 0x00000000c3a00000| Updating 
|   7|0x00000000c3b00000, 0x00000000c3c00000, 0x00000000c3c00000|100%| O|  |TAMS 0x00000000c3c00000, 0x00000000c3b00000| Updating 
|   8|0x00000000c3c00000, 0x00000000c3d00000, 0x00000000c3d00000|100%| O|  |TAMS 0x00000000c3d00000, 0x00000000c3c00000| Updating 
|   9|0x00000000c3d00000, 0x00000000c3e00000, 0x00000000c3e00000|100%| O|  |TAMS 0x00000000c3e00000, 0x00000000c3d00000| Updating 
|  10|0x00000000c3e00000, 0x00000000c3f00000, 0x00000000c3f00000|100%| O|  |TAMS 0x00000000c3f00000, 0x00000000c3e00000| Updating 
|  11|0x00000000c3f00000, 0x00000000c4000000, 0x00000000c4000000|100%| O|  |TAMS 0x00000000c4000000, 0x00000000c3f00000| Updating 
|  12|0x00000000c4000000, 0x00000000c4100000, 0x00000000c4100000|100%| O|  |TAMS 0x00000000c4100000, 0x00000000c4000000| Updating 
|  13|0x00000000c4100000, 0x00000000c4200000, 0x00000000c4200000|100%| O|  |TAMS 0x00000000c4200000, 0x00000000c4100000| Updating 
|  14|0x00000000c4200000, 0x00000000c4300000, 0x00000000c4300000|100%| O|  |TAMS 0x00000000c4300000, 0x00000000c4200000| Updating 
|  15|0x00000000c4300000, 0x00000000c4400000, 0x00000000c4400000|100%| O|  |TAMS 0x00000000c4400000, 0x00000000c4300000| Updating 
|  16|0x00000000c4400000, 0x00000000c4500000, 0x00000000c4500000|100%| O|  |TAMS 0x00000000c4500000, 0x00000000c4400000| Updating 
|  17|0x00000000c4500000, 0x00000000c4600000, 0x00000000c4600000|100%| O|  |TAMS 0x00000000c4600000, 0x00000000c4500000| Updating 
|  18|0x00000000c4600000, 0x00000000c4700000, 0x00000000c4700000|100%| O|  |TAMS 0x00000000c4700000, 0x00000000c4600000| Updating 
|  19|0x00000000c4700000, 0x00000000c4800000, 0x00000000c4800000|100%| O|  |TAMS 0x00000000c4800000, 0x00000000c4700000| Updating 
|  20|0x00000000c4800000, 0x00000000c4900000, 0x00000000c4900000|100%| O|  |TAMS 0x00000000c4900000, 0x00000000c4800000| Updating 
|  21|0x00000000c4900000, 0x00000000c4a00000, 0x00000000c4a00000|100%| O|  |TAMS 0x00000000c4a00000, 0x00000000c4900000| Updating 
|  22|0x00000000c4a00000, 0x00000000c4b00000, 0x00000000c4b00000|100%| O|  |TAMS 0x00000000c4b00000, 0x00000000c4a00000| Updating 
|  23|0x00000000c4b00000, 0x00000000c4c00000, 0x00000000c4c00000|100%| O|  |TAMS 0x00000000c4c00000, 0x00000000c4b00000| Updating 
|  24|0x00000000c4c00000, 0x00000000c4d00000, 0x00000000c4d00000|100%| O|  |TAMS 0x00000000c4d00000, 0x00000000c4c00000| Updating 
|  25|0x00000000c4d00000, 0x00000000c4e00000, 0x00000000c4e00000|100%| O|  |TAMS 0x00000000c4e00000, 0x00000000c4d00000| Updating 
|  26|0x00000000c4e00000, 0x00000000c4f00000, 0x00000000c4f00000|100%| O|  |TAMS 0x00000000c4f00000, 0x00000000c4e00000| Updating 
|  27|0x00000000c4f00000, 0x00000000c5000000, 0x00000000c5000000|100%| O|  |TAMS 0x00000000c5000000, 0x00000000c4f00000| Updating 
|  28|0x00000000c5000000, 0x00000000c5100000, 0x00000000c5100000|100%| O|  |TAMS 0x00000000c5100000, 0x00000000c5000000| Updating 
|  29|0x00000000c5100000, 0x00000000c5200000, 0x00000000c5200000|100%| O|  |TAMS 0x00000000c5200000, 0x00000000c5100000| Updating 
|  30|0x00000000c5200000, 0x00000000c5300000, 0x00000000c5300000|100%| O|  |TAMS 0x00000000c5300000, 0x00000000c5200000| Updating 
|  31|0x00000000c5300000, 0x00000000c5400000, 0x00000000c5400000|100%| O|  |TAMS 0x00000000c5400000, 0x00000000c5300000| Updating 
|  32|0x00000000c5400000, 0x00000000c5500000, 0x00000000c5500000|100%| O|  |TAMS 0x00000000c5500000, 0x00000000c5400000| Updating 
|  33|0x00000000c5500000, 0x00000000c5600000, 0x00000000c5600000|100%| O|  |TAMS 0x00000000c5600000, 0x00000000c5500000| Updating 
|  34|0x00000000c5600000, 0x00000000c5700000, 0x00000000c5700000|100%| O|  |TAMS 0x00000000c5700000, 0x00000000c5600000| Updating 
|  35|0x00000000c5700000, 0x00000000c5800000, 0x00000000c5800000|100%| O|  |TAMS 0x00000000c5800000, 0x00000000c5700000| Updating 
|  36|0x00000000c5800000, 0x00000000c5900000, 0x00000000c5900000|100%| O|  |TAMS 0x00000000c5900000, 0x00000000c5800000| Updating 
|  37|0x00000000c5900000, 0x00000000c5a00000, 0x00000000c5a00000|100%| O|  |TAMS 0x00000000c5a00000, 0x00000000c5900000| Updating 
|  38|0x00000000c5a00000, 0x00000000c5b00000, 0x00000000c5b00000|100%| O|  |TAMS 0x00000000c5b00000, 0x00000000c5a00000| Updating 
|  39|0x00000000c5b00000, 0x00000000c5c00000, 0x00000000c5c00000|100%| O|  |TAMS 0x00000000c5c00000, 0x00000000c5b00000| Updating 
|  40|0x00000000c5c00000, 0x00000000c5d00000, 0x00000000c5d00000|100%| O|  |TAMS 0x00000000c5d00000, 0x00000000c5c00000| Updating 
|  41|0x00000000c5d00000, 0x00000000c5e00000, 0x00000000c5e00000|100%| O|  |TAMS 0x00000000c5e00000, 0x00000000c5d00000| Updating 
|  42|0x00000000c5e00000, 0x00000000c5f00000, 0x00000000c5f00000|100%| O|  |TAMS 0x00000000c5f00000, 0x00000000c5e00000| Updating 
|  43|0x00000000c5f00000, 0x00000000c6000000, 0x00000000c6000000|100%| O|  |TAMS 0x00000000c6000000, 0x00000000c5f00000| Updating 
|  44|0x00000000c6000000, 0x00000000c6100000, 0x00000000c6100000|100%| O|  |TAMS 0x00000000c6100000, 0x00000000c6000000| Updating 
|  45|0x00000000c6100000, 0x00000000c6200000, 0x00000000c6200000|100%| O|  |TAMS 0x00000000c6200000, 0x00000000c6100000| Updating 
|  46|0x00000000c6200000, 0x00000000c6300000, 0x00000000c6300000|100%| O|  |TAMS 0x00000000c6300000, 0x00000000c6200000| Updating 
|  47|0x00000000c6300000, 0x00000000c6400000, 0x00000000c6400000|100%| O|  |TAMS 0x00000000c6400000, 0x00000000c6300000| Updating 
|  48|0x00000000c6400000, 0x00000000c6500000, 0x00000000c6500000|100%| O|  |TAMS 0x00000000c6500000, 0x00000000c6400000| Updating 
|  49|0x00000000c6500000, 0x00000000c6600000, 0x00000000c6600000|100%| O|  |TAMS 0x00000000c6600000, 0x00000000c6500000| Updating 
|  50|0x00000000c6600000, 0x00000000c6700000, 0x00000000c6700000|100%| O|  |TAMS 0x00000000c6700000, 0x00000000c6600000| Updating 
|  51|0x00000000c6700000, 0x00000000c6800000, 0x00000000c6800000|100%| O|  |TAMS 0x00000000c6800000, 0x00000000c6700000| Updating 
|  52|0x00000000c6800000, 0x00000000c6900000, 0x00000000c6900000|100%| O|  |TAMS 0x00000000c6900000, 0x00000000c6800000| Updating 
|  53|0x00000000c6900000, 0x00000000c6a00000, 0x00000000c6a00000|100%| O|  |TAMS 0x00000000c6a00000, 0x00000000c6900000| Updating 
|  54|0x00000000c6a00000, 0x00000000c6b00000, 0x00000000c6b00000|100%| O|  |TAMS 0x00000000c6b00000, 0x00000000c6a00000| Updating 
|  55|0x00000000c6b00000, 0x00000000c6c00000, 0x00000000c6c00000|100%| O|  |TAMS 0x00000000c6c00000, 0x00000000c6b00000| Updating 
|  56|0x00000000c6c00000, 0x00000000c6d00000, 0x00000000c6d00000|100%| O|  |TAMS 0x00000000c6d00000, 0x00000000c6c00000| Updating 
|  57|0x00000000c6d00000, 0x00000000c6e00000, 0x00000000c6e00000|100%| O|  |TAMS 0x00000000c6e00000, 0x00000000c6d00000| Updating 
|  58|0x00000000c6e00000, 0x00000000c6f00000, 0x00000000c6f00000|100%| O|  |TAMS 0x00000000c6f00000, 0x00000000c6e00000| Updating 
|  59|0x00000000c6f00000, 0x00000000c7000000, 0x00000000c7000000|100%| O|  |TAMS 0x00000000c7000000, 0x00000000c6f00000| Updating 
|  60|0x00000000c7000000, 0x00000000c7100000, 0x00000000c7100000|100%| O|  |TAMS 0x00000000c7100000, 0x00000000c7000000| Updating 
|  61|0x00000000c7100000, 0x00000000c7200000, 0x00000000c7200000|100%| O|  |TAMS 0x00000000c7200000, 0x00000000c7100000| Updating 
|  62|0x00000000c7200000, 0x00000000c7300000, 0x00000000c7300000|100%| O|  |TAMS 0x00000000c7300000, 0x00000000c7200000| Updating 
|  63|0x00000000c7300000, 0x00000000c7400000, 0x00000000c7400000|100%| O|  |TAMS 0x00000000c7400000, 0x00000000c7300000| Updating 
|  64|0x00000000c7400000, 0x00000000c7500000, 0x00000000c7500000|100%| O|  |TAMS 0x00000000c7500000, 0x00000000c7400000| Updating 
|  65|0x00000000c7500000, 0x00000000c7600000, 0x00000000c7600000|100%| O|  |TAMS 0x00000000c7600000, 0x00000000c7500000| Updating 
|  66|0x00000000c7600000, 0x00000000c7700000, 0x00000000c7700000|100%| O|  |TAMS 0x00000000c7700000, 0x00000000c7600000| Updating 
|  67|0x00000000c7700000, 0x00000000c7800000, 0x00000000c7800000|100%| O|  |TAMS 0x00000000c7800000, 0x00000000c7700000| Updating 
|  68|0x00000000c7800000, 0x00000000c7900000, 0x00000000c7900000|100%| O|  |TAMS 0x00000000c7900000, 0x00000000c7800000| Updating 
|  69|0x00000000c7900000, 0x00000000c7a00000, 0x00000000c7a00000|100%| O|  |TAMS 0x00000000c7a00000, 0x00000000c7900000| Updating 
|  70|0x00000000c7a00000, 0x00000000c7b00000, 0x00000000c7b00000|100%| O|  |TAMS 0x00000000c7b00000, 0x00000000c7a00000| Updating 
|  71|0x00000000c7b00000, 0x00000000c7c00000, 0x00000000c7c00000|100%| O|  |TAMS 0x00000000c7c00000, 0x00000000c7b00000| Updating 
|  72|0x00000000c7c00000, 0x00000000c7d00000, 0x00000000c7d00000|100%| O|  |TAMS 0x00000000c7d00000, 0x00000000c7c00000| Updating 
|  73|0x00000000c7d00000, 0x00000000c7e00000, 0x00000000c7e00000|100%| O|  |TAMS 0x00000000c7e00000, 0x00000000c7d00000| Updating 
|  74|0x00000000c7e00000, 0x00000000c7f00000, 0x00000000c7f00000|100%| O|  |TAMS 0x00000000c7f00000, 0x00000000c7e00000| Updating 
|  75|0x00000000c7f00000, 0x00000000c8000000, 0x00000000c8000000|100%| O|  |TAMS 0x00000000c8000000, 0x00000000c7f00000| Updating 
|  76|0x00000000c8000000, 0x00000000c8100000, 0x00000000c8100000|100%| O|  |TAMS 0x00000000c8100000, 0x00000000c8000000| Updating 
|  77|0x00000000c8100000, 0x00000000c8200000, 0x00000000c8200000|100%| O|  |TAMS 0x00000000c8200000, 0x00000000c8100000| Updating 
|  78|0x00000000c8200000, 0x00000000c8300000, 0x00000000c8300000|100%| O|  |TAMS 0x00000000c8300000, 0x00000000c8200000| Updating 
|  79|0x00000000c8300000, 0x00000000c8400000, 0x00000000c8400000|100%| O|  |TAMS 0x00000000c8400000, 0x00000000c8300000| Updating 
|  80|0x00000000c8400000, 0x00000000c8500000, 0x00000000c8500000|100%| O|  |TAMS 0x00000000c8500000, 0x00000000c8400000| Updating 
|  81|0x00000000c8500000, 0x00000000c8600000, 0x00000000c8600000|100%| O|  |TAMS 0x00000000c8600000, 0x00000000c8500000| Updating 
|  82|0x00000000c8600000, 0x00000000c8700000, 0x00000000c8700000|100%| O|  |TAMS 0x00000000c8700000, 0x00000000c8600000| Updating 
|  83|0x00000000c8700000, 0x00000000c8800000, 0x00000000c8800000|100%| O|  |TAMS 0x00000000c8800000, 0x00000000c8700000| Updating 
|  84|0x00000000c8800000, 0x00000000c8900000, 0x00000000c8900000|100%| O|  |TAMS 0x00000000c8900000, 0x00000000c8800000| Updating 
|  85|0x00000000c8900000, 0x00000000c8a00000, 0x00000000c8a00000|100%| O|  |TAMS 0x00000000c8a00000, 0x00000000c8900000| Updating 
|  86|0x00000000c8a00000, 0x00000000c8b00000, 0x00000000c8b00000|100%| O|  |TAMS 0x00000000c8b00000, 0x00000000c8a00000| Updating 
|  87|0x00000000c8b00000, 0x00000000c8c00000, 0x00000000c8c00000|100%| O|  |TAMS 0x00000000c8c00000, 0x00000000c8b00000| Updating 
|  88|0x00000000c8c00000, 0x00000000c8d00000, 0x00000000c8d00000|100%| O|  |TAMS 0x00000000c8d00000, 0x00000000c8c00000| Updating 
|  89|0x00000000c8d00000, 0x00000000c8e00000, 0x00000000c8e00000|100%| O|  |TAMS 0x00000000c8e00000, 0x00000000c8d00000| Updating 
|  90|0x00000000c8e00000, 0x00000000c8f00000, 0x00000000c8f00000|100%| O|  |TAMS 0x00000000c8f00000, 0x00000000c8e00000| Updating 
|  91|0x00000000c8f00000, 0x00000000c9000000, 0x00000000c9000000|100%| O|  |TAMS 0x00000000c9000000, 0x00000000c8f00000| Updating 
|  92|0x00000000c9000000, 0x00000000c9100000, 0x00000000c9100000|100%| O|  |TAMS 0x00000000c90ee000, 0x00000000c9000000| Updating 
|  93|0x00000000c9100000, 0x00000000c9100000, 0x00000000c9200000|  0%| F|  |TAMS 0x00000000c9100000, 0x00000000c9100000| Untracked 
|  94|0x00000000c9200000, 0x00000000c9300000, 0x00000000c9300000|100%| O|  |TAMS 0x00000000c9200000, 0x00000000c9200000| Untracked 
|  95|0x00000000c9300000, 0x00000000c9400000, 0x00000000c9400000|100%| O|  |TAMS 0x00000000c9300000, 0x00000000c9300000| Untracked 
|  96|0x00000000c9400000, 0x00000000c9500000, 0x00000000c9500000|100%| O|  |TAMS 0x00000000c9400000, 0x00000000c9400000| Untracked 
|  97|0x00000000c9500000, 0x00000000c9600000, 0x00000000c9600000|100%| O|  |TAMS 0x00000000c9500000, 0x00000000c9500000| Untracked 
|  98|0x00000000c9600000, 0x00000000c9700000, 0x00000000c9700000|100%| O|  |TAMS 0x00000000c9600000, 0x00000000c9600000| Untracked 
|  99|0x00000000c9700000, 0x00000000c9752200, 0x00000000c9800000| 32%| O|  |TAMS 0x00000000c9700000, 0x00000000c9700000| Untracked 
| 100|0x00000000c9800000, 0x00000000c9800000, 0x00000000c9900000|  0%| F|  |TAMS 0x00000000c9800000, 0x00000000c9800000| Untracked 
| 101|0x00000000c9900000, 0x00000000c9900000, 0x00000000c9a00000|  0%| F|  |TAMS 0x00000000c9900000, 0x00000000c9900000| Untracked 
| 102|0x00000000c9a00000, 0x00000000c9a00000, 0x00000000c9b00000|  0%| F|  |TAMS 0x00000000c9a00000, 0x00000000c9a00000| Untracked 
| 103|0x00000000c9b00000, 0x00000000c9b00000, 0x00000000c9c00000|  0%| F|  |TAMS 0x00000000c9b00000, 0x00000000c9b00000| Untracked 
| 104|0x00000000c9c00000, 0x00000000c9c00000, 0x00000000c9d00000|  0%| F|  |TAMS 0x00000000c9c00000, 0x00000000c9c00000| Untracked 
| 105|0x00000000c9d00000, 0x00000000c9d00000, 0x00000000c9e00000|  0%| F|  |TAMS 0x00000000c9d00000, 0x00000000c9d00000| Untracked 
| 106|0x00000000c9e00000, 0x00000000c9e00000, 0x00000000c9f00000|  0%| F|  |TAMS 0x00000000c9e00000, 0x00000000c9e00000| Untracked 
| 107|0x00000000c9f00000, 0x00000000c9f00000, 0x00000000ca000000|  0%| F|  |TAMS 0x00000000c9f00000, 0x00000000c9f00000| Untracked 
| 108|0x00000000ca000000, 0x00000000ca000000, 0x00000000ca100000|  0%| F|  |TAMS 0x00000000ca000000, 0x00000000ca000000| Untracked 
| 109|0x00000000ca100000, 0x00000000ca100000, 0x00000000ca200000|  0%| F|  |TAMS 0x00000000ca100000, 0x00000000ca100000| Untracked 
| 110|0x00000000ca200000, 0x00000000ca200000, 0x00000000ca300000|  0%| F|  |TAMS 0x00000000ca200000, 0x00000000ca200000| Untracked 
| 111|0x00000000ca300000, 0x00000000ca300000, 0x00000000ca400000|  0%| F|  |TAMS 0x00000000ca300000, 0x00000000ca300000| Untracked 
| 112|0x00000000ca400000, 0x00000000ca400000, 0x00000000ca500000|  0%| F|  |TAMS 0x00000000ca400000, 0x00000000ca400000| Untracked 
| 113|0x00000000ca500000, 0x00000000ca500000, 0x00000000ca600000|  0%| F|  |TAMS 0x00000000ca500000, 0x00000000ca500000| Untracked 
| 114|0x00000000ca600000, 0x00000000ca600000, 0x00000000ca700000|  0%| F|  |TAMS 0x00000000ca600000, 0x00000000ca600000| Untracked 
| 115|0x00000000ca700000, 0x00000000ca700000, 0x00000000ca800000|  0%| F|  |TAMS 0x00000000ca700000, 0x00000000ca700000| Untracked 
| 116|0x00000000ca800000, 0x00000000ca800000, 0x00000000ca900000|  0%| F|  |TAMS 0x00000000ca800000, 0x00000000ca800000| Untracked 
| 117|0x00000000ca900000, 0x00000000ca900000, 0x00000000caa00000|  0%| F|  |TAMS 0x00000000ca900000, 0x00000000ca900000| Untracked 
| 118|0x00000000caa00000, 0x00000000caa00000, 0x00000000cab00000|  0%| F|  |TAMS 0x00000000caa00000, 0x00000000caa00000| Untracked 
| 119|0x00000000cab00000, 0x00000000cac00000, 0x00000000cac00000|100%| S|CS|TAMS 0x00000000cab00000, 0x00000000cab00000| Complete 
| 120|0x00000000cac00000, 0x00000000cad00000, 0x00000000cad00000|100%| S|CS|TAMS 0x00000000cac00000, 0x00000000cac00000| Complete 
| 121|0x00000000cad00000, 0x00000000cad00000, 0x00000000cae00000|  0%| F|  |TAMS 0x00000000cad00000, 0x00000000cad00000| Untracked 
| 122|0x00000000cae00000, 0x00000000cae00000, 0x00000000caf00000|  0%| F|  |TAMS 0x00000000cae00000, 0x00000000cae00000| Untracked 
| 123|0x00000000caf00000, 0x00000000caf00000, 0x00000000cb000000|  0%| F|  |TAMS 0x00000000caf00000, 0x00000000caf00000| Untracked 
| 124|0x00000000cb000000, 0x00000000cb000000, 0x00000000cb100000|  0%| F|  |TAMS 0x00000000cb000000, 0x00000000cb000000| Untracked 
| 125|0x00000000cb100000, 0x00000000cb100000, 0x00000000cb200000|  0%| F|  |TAMS 0x00000000cb100000, 0x00000000cb100000| Untracked 
| 126|0x00000000cb200000, 0x00000000cb200000, 0x00000000cb300000|  0%| F|  |TAMS 0x00000000cb200000, 0x00000000cb200000| Untracked 
| 127|0x00000000cb300000, 0x00000000cb300000, 0x00000000cb400000|  0%| F|  |TAMS 0x00000000cb300000, 0x00000000cb300000| Untracked 
| 128|0x00000000cb400000, 0x00000000cb400000, 0x00000000cb500000|  0%| F|  |TAMS 0x00000000cb400000, 0x00000000cb400000| Untracked 
| 129|0x00000000cb500000, 0x00000000cb500000, 0x00000000cb600000|  0%| F|  |TAMS 0x00000000cb500000, 0x00000000cb500000| Untracked 

Card table byte_map: [0x000001aa37b00000,0x000001aa37cf0000] _byte_map_base: 0x000001aa374e6000

Marking Bits (Prev, Next): (CMBitMap*) 0x000001aa204c02f0, (CMBitMap*) 0x000001aa204c02b8
 Prev Bits: [0x000001aa38e10000, 0x000001aa39d40000)
 Next Bits: [0x000001aa37ee0000, 0x000001aa38e10000)

Polling page: 0x000001aa1fc60000

Metaspace:

Usage:
  Non-class:     63.29 MB capacity,    62.11 MB ( 98%) used,   965.91 KB (  1%) free+waste,   238.44 KB ( <1%) overhead. 
      Class:     10.37 MB capacity,     9.65 MB ( 93%) used,   622.30 KB (  6%) free+waste,   115.38 KB (  1%) overhead. 
       Both:     73.65 MB capacity,    71.76 MB ( 97%) used,     1.55 MB (  2%) free+waste,   353.81 KB ( <1%) overhead. 

Virtual space:
  Non-class space:       64.00 MB reserved,      63.50 MB (>99%) committed 
      Class space:        1.00 GB reserved,      10.38 MB (  1%) committed 
             Both:        1.06 GB reserved,      73.88 MB (  7%) committed 

Chunk freelists:
   Non-Class:  3.38 KB
       Class:  1.00 KB
        Both:  4.38 KB

CodeHeap 'non-profiled nmethods': size=238912Kb used=10212Kb max_used=10212Kb free=228699Kb
 bounds [0x000001aa28fc0000, 0x000001aa299c0000, 0x000001aa37910000]
CodeHeap 'non-nmethods': size=6848Kb used=1246Kb max_used=1246Kb free=5601Kb
 bounds [0x000001aa28910000, 0x000001aa28b80000, 0x000001aa28fc0000]
 total_blobs=6838 nmethods=6203 adapters=562
 compilation: enabled
              stopped_count=0, restarted_count=0
 full_count=0

Compilation events (10 events):
Event: 44.221 Thread 0x000001aa3c248000 6202       1       nonapi.io.github.classgraph.fastzipfilereader.ZipFileSlice::appendPath (39 bytes)
Event: 44.221 Thread 0x000001aa3c248000 nmethod 6202 0x000001aa299b6e10 code [0x000001aa299b6fe0, 0x000001aa299b7148]
Event: 44.221 Thread 0x000001aa3c248000 6191       1       nonapi.io.github.classgraph.utils.FastPathResolver::resolve (6 bytes)
Event: 44.221 Thread 0x000001aa3c248000 nmethod 6191 0x000001aa299b7290 code [0x000001aa299b7440, 0x000001aa299b7508]
Event: 44.221 Thread 0x000001aa3c248000 6192       1       nonapi.io.github.classgraph.fastzipfilereader.PhysicalZipFile::<init> (47 bytes)
Event: 44.222 Thread 0x000001aa3c248000 nmethod 6192 0x000001aa299b7590 code [0x000001aa299b7760, 0x000001aa299b7ac8]
Event: 44.222 Thread 0x000001aa3c248000 6203       1       io.github.classgraph.ClasspathElementZip::<init> (46 bytes)
Event: 44.222 Thread 0x000001aa3c248000 nmethod 6203 0x000001aa299b7c10 code [0x000001aa299b7de0, 0x000001aa299b8158]
Event: 44.223 Thread 0x000001aa3c248000 6204   !   1       nonapi.io.github.classgraph.fileslice.FileSlice::load (178 bytes)
Event: 44.224 Thread 0x000001aa3c248000 nmethod 6204 0x000001aa299b8290 code [0x000001aa299b8500, 0x000001aa299b8c78]

GC Heap History (10 events):
Event: 43.501 GC heap after
{Heap after GC invocations=50 (full 0):
 garbage-first heap   total 110592K, used 79101K [0x00000000c3400000, 0x0000000100000000)
  region size 1024K, 2 young (2048K), 2 survivors (2048K)
 Metaspace       used 73363K, capacity 75284K, committed 75392K, reserved 1114112K
  class space    used 9865K, capacity 10613K, committed 10624K, reserved 1048576K
}
Event: 43.629 GC heap before
{Heap before GC invocations=50 (full 0):
 garbage-first heap   total 110592K, used 90365K [0x00000000c3400000, 0x0000000100000000)
  region size 1024K, 13 young (13312K), 2 survivors (2048K)
 Metaspace       used 73387K, capacity 75348K, committed 75392K, reserved 1114112K
  class space    used 9868K, capacity 10613K, committed 10624K, reserved 1048576K
}
Event: 43.645 GC heap after
{Heap after GC invocations=51 (full 0):
 garbage-first heap   total 133120K, used 83071K [0x00000000c3400000, 0x0000000100000000)
  region size 1024K, 2 young (2048K), 2 survivors (2048K)
 Metaspace       used 73387K, capacity 75348K, committed 75392K, reserved 1114112K
  class space    used 9868K, capacity 10613K, committed 10624K, reserved 1048576K
}
Event: 43.781 GC heap before
{Heap before GC invocations=52 (full 0):
 garbage-first heap   total 133120K, used 99455K [0x00000000c3400000, 0x0000000100000000)
  region size 1024K, 18 young (18432K), 2 survivors (2048K)
 Metaspace       used 73394K, capacity 75348K, committed 75392K, reserved 1114112K
  class space    used 9868K, capacity 10613K, committed 10624K, reserved 1048576K
}
Event: 43.811 GC heap after
{Heap after GC invocations=53 (full 0):
 garbage-first heap   total 133120K, used 91814K [0x00000000c3400000, 0x0000000100000000)
  region size 1024K, 3 young (3072K), 3 survivors (3072K)
 Metaspace       used 73394K, capacity 75348K, committed 75392K, reserved 1114112K
  class space    used 9868K, capacity 10613K, committed 10624K, reserved 1048576K
}
Event: 44.085 GC heap before
{Heap before GC invocations=53 (full 0):
 garbage-first heap   total 133120K, used 105126K [0x00000000c3400000, 0x0000000100000000)
  region size 1024K, 16 young (16384K), 3 survivors (3072K)
 Metaspace       used 73478K, capacity 75421K, committed 75648K, reserved 1114112K
  class space    used 9878K, capacity 10616K, committed 10624K, reserved 1048576K
}
Event: 44.108 GC heap after
{Heap after GC invocations=54 (full 0):
 garbage-first heap   total 133120K, used 97208K [0x00000000c3400000, 0x0000000100000000)
  region size 1024K, 2 young (2048K), 2 survivors (2048K)
 Metaspace       used 73478K, capacity 75421K, committed 75648K, reserved 1114112K
  class space    used 9878K, capacity 10616K, committed 10624K, reserved 1048576K
}
Event: 44.307 GC heap before
{Heap before GC invocations=54 (full 0):
 garbage-first heap   total 133120K, used 108472K [0x00000000c3400000, 0x0000000100000000)
  region size 1024K, 13 young (13312K), 2 survivors (2048K)
 Metaspace       used 73478K, capacity 75421K, committed 75648K, reserved 1114112K
  class space    used 9878K, capacity 10616K, committed 10624K, reserved 1048576K
}
Event: 44.317 GC heap after
{Heap after GC invocations=55 (full 0):
 garbage-first heap   total 133120K, used 101376K [0x00000000c3400000, 0x0000000100000000)
  region size 1024K, 2 young (2048K), 2 survivors (2048K)
 Metaspace       used 73478K, capacity 75421K, committed 75648K, reserved 1114112K
  class space    used 9878K, capacity 10616K, committed 10624K, reserved 1048576K
}
Event: 44.474 GC heap before
{Heap before GC invocations=55 (full 0):
 garbage-first heap   total 133120K, used 109568K [0x00000000c3400000, 0x0000000100000000)
  region size 1024K, 11 young (11264K), 2 survivors (2048K)
 Metaspace       used 73478K, capacity 75421K, committed 75648K, reserved 1114112K
  class space    used 9878K, capacity 10616K, committed 10624K, reserved 1048576K
}

Deoptimization events (0 events):
No events

Classes redefined (0 events):
No events

Internal exceptions (10 events):
Event: 40.768 Thread 0x000001aa3e275800 Exception <a 'java/lang/ClassNotFoundException'{0x00000000c7094bf0}: org/springframework/security/config/annotation/web/configuration/WebSecurityConfigurationCustomizer> (0x00000000c7094bf0) thrown at [./open/src/hotspot/share/classfile/systemDictionary.c
Event: 40.770 Thread 0x000001aa3e275800 Exception <a 'java/lang/ClassNotFoundException'{0x00000000c70cb440}: org/springframework/context/annotation/ImportAwareCustomizer> (0x00000000c70cb440) thrown at [./open/src/hotspot/share/classfile/systemDictionary.cpp, line 228]
Event: 40.771 Thread 0x000001aa3e275800 Exception <a 'java/lang/ClassNotFoundException'{0x00000000c70f2000}: org/springframework/beans/factory/AwareCustomizer> (0x00000000c70f2000) thrown at [./open/src/hotspot/share/classfile/systemDictionary.cpp, line 228]
Event: 40.787 Thread 0x000001aa3e275800 Exception <a 'java/lang/ClassNotFoundException'{0x00000000c8d1e938}: org/springframework/beans/factory/BeanClassLoaderAwareCustomizer> (0x00000000c8d1e938) thrown at [./open/src/hotspot/share/classfile/systemDictionary.cpp, line 228]
Event: 40.789 Thread 0x000001aa3e275800 Exception <a 'java/lang/ClassNotFoundException'{0x00000000c8d45508}: org/springframework/beans/factory/AwareCustomizer> (0x00000000c8d45508) thrown at [./open/src/hotspot/share/classfile/systemDictionary.cpp, line 228]
Event: 41.232 Thread 0x000001aa3e275800 Exception <a 'java/lang/ClassNotFoundException'{0x00000000c7d54c88}: java/lang/ObjectCustomizer> (0x00000000c7d54c88) thrown at [./open/src/hotspot/share/classfile/systemDictionary.cpp, line 228]
Event: 41.234 Thread 0x000001aa3e275800 Exception <a 'java/lang/ClassNotFoundException'{0x00000000c7d944f8}: org/springframework/security/config/annotation/web/configuration/HttpSecurityConfigurationCustomizer> (0x00000000c7d944f8) thrown at [./open/src/hotspot/share/classfile/systemDictionary.
Event: 41.510 Thread 0x000001aa3e275800 Exception <a 'java/lang/NoSuchMethodError'{0x00000000c7369108}: java.lang.invoke.DirectMethodHandle$Holder.invokeVirtual(Ljava/lang/Object;Ljava/lang/Object;I)V> (0x00000000c7369108) thrown at [./open/src/hotspot/share/interpreter/linkResolver.cpp, line 7
Event: 41.514 Thread 0x000001aa3e275800 Exception <a 'java/lang/NoSuchMethodError'{0x00000000c73832f8}: java.lang.invoke.DirectMethodHandle$Holder.invokeVirtual(Ljava/lang/Object;Ljava/lang/Object;J)V> (0x00000000c73832f8) thrown at [./open/src/hotspot/share/interpreter/linkResolver.cpp, line 7
Event: 42.026 Thread 0x000001aa3e275800 Exception <a 'java/lang/IncompatibleClassChangeError'{0x00000000c8350e50}: Found class java.lang.Object, but interface was expected> (0x00000000c8350e50) thrown at [./open/src/hotspot/share/interpreter/linkResolver.cpp, line 838]

Events (10 events):
Event: 44.066 Executing VM operation: RevokeBias done
Event: 44.085 Executing VM operation: G1CollectForAllocation
Event: 44.108 Executing VM operation: G1CollectForAllocation done
Event: 44.303 Executing VM operation: G1CollectForAllocation
Event: 44.317 Executing VM operation: G1CollectForAllocation done
Event: 44.329 Executing VM operation: RevokeBias
Event: 44.330 Executing VM operation: RevokeBias done
Event: 44.362 Executing VM operation: CGC_Operation
Event: 44.378 Executing VM operation: CGC_Operation done
Event: 44.474 Executing VM operation: G1CollectForAllocation


Dynamic libraries:
0x00007ff6b9580000 - 0x00007ff6b958f000 	C:\Program Files\Java\jdk-11.0.10\bin\javaw.exe
0x00007ffb76090000 - 0x00007ffb76285000 	C:\Windows\SYSTEM32\ntdll.dll
0x00007ffb752d0000 - 0x00007ffb7538d000 	C:\Windows\System32\KERNEL32.DLL
0x00007ffb73e20000 - 0x00007ffb740e8000 	C:\Windows\System32\KERNELBASE.dll
0x00007ffb73b00000 - 0x00007ffb73c00000 	C:\Windows\System32\ucrtbase.dll
0x00007ffb6cf30000 - 0x00007ffb6cf48000 	C:\Program Files\Java\jdk-11.0.10\bin\jli.dll
0x00007ffb75b70000 - 0x00007ffb75c1c000 	C:\Windows\System32\ADVAPI32.dll
0x00007ffb75ca0000 - 0x00007ffb75d3e000 	C:\Windows\System32\msvcrt.dll
0x00007ffb75df0000 - 0x00007ffb75e8b000 	C:\Windows\System32\sechost.dll
0x00007ffb75930000 - 0x00007ffb75a5b000 	C:\Windows\System32\RPCRT4.dll
0x00007ffb74a90000 - 0x00007ffb74c30000 	C:\Windows\System32\USER32.dll
0x00007ffb73c30000 - 0x00007ffb73c52000 	C:\Windows\System32\win32u.dll
0x00007ffb75390000 - 0x00007ffb753ba000 	C:\Windows\System32\GDI32.dll
0x00007ffb73d10000 - 0x00007ffb73e1b000 	C:\Windows\System32\gdi32full.dll
0x00007ffb739b0000 - 0x00007ffb73a4d000 	C:\Windows\System32\msvcp_win.dll
0x00007ffb6cf50000 - 0x00007ffb6cf65000 	C:\Program Files\Java\jdk-11.0.10\bin\VCRUNTIME140.dll
0x00007ffb61e00000 - 0x00007ffb6209a000 	C:\Windows\WinSxS\amd64_microsoft.windows.common-controls_6595b64144ccf1df_6.0.19041.844_none_ca00b6081b84eb1d\COMCTL32.dll
0x00007ffb64300000 - 0x00007ffb6430a000 	C:\Windows\SYSTEM32\VERSION.dll
0x00007ffb74160000 - 0x00007ffb74190000 	C:\Windows\System32\IMM32.DLL
0x00007ffb54ab0000 - 0x00007ffb54b4b000 	C:\Program Files\Java\jdk-11.0.10\bin\msvcp140.dll
0x00007ffb43090000 - 0x00007ffb43b8b000 	C:\Program Files\Java\jdk-11.0.10\bin\server\jvm.dll
0x00007ffb751f0000 - 0x00007ffb751f8000 	C:\Windows\System32\PSAPI.DLL
0x00007ffb642d0000 - 0x00007ffb642f7000 	C:\Windows\SYSTEM32\WINMM.dll
0x00007ffb620d0000 - 0x00007ffb620d9000 	C:\Windows\SYSTEM32\WSOCK32.dll
0x00007ffb75170000 - 0x00007ffb751db000 	C:\Windows\System32\WS2_32.dll
0x00007ffb71720000 - 0x00007ffb71732000 	C:\Windows\SYSTEM32\kernel.appcore.dll
0x00007ffb6df10000 - 0x00007ffb6df20000 	C:\Program Files\Java\jdk-11.0.10\bin\verify.dll
0x00007ffb64790000 - 0x00007ffb64974000 	C:\Windows\SYSTEM32\DBGHELP.DLL
0x00007ffb64120000 - 0x00007ffb6414c000 	C:\Windows\SYSTEM32\dbgcore.DLL
0x00007ffb73930000 - 0x00007ffb739b0000 	C:\Windows\System32\bcryptPrimitives.dll
0x00007ffb6a290000 - 0x00007ffb6a2b8000 	C:\Program Files\Java\jdk-11.0.10\bin\java.dll
0x00007ffb6dee0000 - 0x00007ffb6deea000 	C:\Program Files\Java\jdk-11.0.10\bin\jimage.dll
0x00007ffb6c7c0000 - 0x00007ffb6c7d6000 	C:\Program Files\Java\jdk-11.0.10\bin\zip.dll
0x00007ffb74190000 - 0x00007ffb748d2000 	C:\Windows\System32\SHELL32.dll
0x00007ffb71920000 - 0x00007ffb720b0000 	C:\Windows\SYSTEM32\windows.storage.dll
0x00007ffb74e10000 - 0x00007ffb75165000 	C:\Windows\System32\combase.dll
0x00007ffb73240000 - 0x00007ffb7326c000 	C:\Windows\SYSTEM32\Wldp.dll
0x00007ffb75d40000 - 0x00007ffb75dee000 	C:\Windows\System32\SHCORE.dll
0x00007ffb740f0000 - 0x00007ffb74145000 	C:\Windows\System32\shlwapi.dll
0x00007ffb73710000 - 0x00007ffb7372f000 	C:\Windows\SYSTEM32\profapi.dll
0x00007ffb6c750000 - 0x00007ffb6c769000 	C:\Program Files\Java\jdk-11.0.10\bin\net.dll
0x00007ffb6a050000 - 0x00007ffb6a15b000 	C:\Windows\SYSTEM32\WINHTTP.dll
0x00007ffb72fb0000 - 0x00007ffb7301a000 	C:\Windows\system32\mswsock.dll
0x00007ffb6c5c0000 - 0x00007ffb6c5d2000 	C:\Program Files\Java\jdk-11.0.10\bin\nio.dll
0x00007ffb6c680000 - 0x00007ffb6c689000 	C:\Program Files\Java\jdk-11.0.10\bin\management.dll
0x00007ffb6c600000 - 0x00007ffb6c60b000 	C:\Program Files\Java\jdk-11.0.10\bin\management_ext.dll
0x00007ffb62fe0000 - 0x00007ffb62ff7000 	C:\Windows\system32\napinsp.dll
0x00007ffb62330000 - 0x00007ffb6234b000 	C:\Windows\system32\pnrpnsp.dll
0x00007ffb6d980000 - 0x00007ffb6d995000 	C:\Windows\system32\wshbth.dll
0x00007ffb6f3b0000 - 0x00007ffb6f3cd000 	C:\Windows\system32\NLAapi.dll
0x00007ffb72c30000 - 0x00007ffb72c6b000 	C:\Windows\SYSTEM32\IPHLPAPI.DLL
0x00007ffb72c70000 - 0x00007ffb72d3c000 	C:\Windows\SYSTEM32\DNSAPI.dll
0x00007ffb74150000 - 0x00007ffb74158000 	C:\Windows\System32\NSI.dll
0x00007ffb62310000 - 0x00007ffb62322000 	C:\Windows\System32\winrnr.dll
0x00007ffb67060000 - 0x00007ffb6706a000 	C:\Windows\System32\rasadhlp.dll
0x00007ffb673d0000 - 0x00007ffb6744f000 	C:\Windows\System32\fwpuclnt.dll
0x00007ffb73c00000 - 0x00007ffb73c27000 	C:\Windows\System32\bcrypt.dll
0x00007ffb73180000 - 0x00007ffb73198000 	C:\Windows\SYSTEM32\CRYPTSP.dll
0x00007ffb72880000 - 0x00007ffb728b4000 	C:\Windows\system32\rsaenh.dll
0x00007ffb736d0000 - 0x00007ffb736fe000 	C:\Windows\SYSTEM32\USERENV.dll
0x00007ffb731a0000 - 0x00007ffb731ac000 	C:\Windows\SYSTEM32\CRYPTBASE.dll
0x00007ffb6b070000 - 0x00007ffb6b087000 	C:\Windows\SYSTEM32\dhcpcsvc6.DLL
0x00007ffb6b910000 - 0x00007ffb6b92d000 	C:\Windows\SYSTEM32\dhcpcsvc.DLL
0x00007ffb67ea0000 - 0x00007ffb67ec5000 	C:\Program Files\Java\jdk-11.0.10\bin\sunec.dll
0x00007ffb6c7b0000 - 0x00007ffb6c7bd000 	C:\Program Files\Java\jdk-11.0.10\bin\sunmscapi.dll
0x00007ffb737d0000 - 0x00007ffb7392f000 	C:\Windows\System32\CRYPT32.dll
0x00007ffb732b0000 - 0x00007ffb732d7000 	C:\Windows\SYSTEM32\ncrypt.dll
0x00007ffb73270000 - 0x00007ffb732ab000 	C:\Windows\SYSTEM32\NTASN1.dll

dbghelp: loaded successfully - version: 4.0.5 - missing functions: none
symbol engine: initialized successfully - sym options: 0x614 - pdb path: .;C:\Program Files\Java\jdk-11.0.10\bin;C:\Windows\SYSTEM32;C:\Windows\WinSxS\amd64_microsoft.windows.common-controls_6595b64144ccf1df_6.0.19041.844_none_ca00b6081b84eb1d;C:\Program Files\Java\jdk-11.0.10\bin\server

VM Arguments:
jvm_args: -Dcom.sun.management.jmxremote -Dcom.sun.management.jmxremote.port=61501 -Dcom.sun.management.jmxremote.authenticate=false -Dcom.sun.management.jmxremote.ssl=false -Djava.rmi.server.hostname=localhost -Dspring.jmx.enabled=true -Dspring.application.admin.enabled=true -XX:TieredStopAtLevel=1 -Dspring.boot.project.name=pokemon -Dfile.encoding=UTF-8 
java_command: com.pokemon.PokemonApplication
java_class_path (initial): C:\Users\ManoelVitor\eclipse-workspace\ex1\pokemon\target\classes;C:\Users\ManoelVitor\.m2\repository\org\springframework\boot\spring-boot-starter-data-jpa\2.4.4\spring-boot-starter-data-jpa-2.4.4.jar;C:\Users\ManoelVitor\.m2\repository\org\springframework\boot\spring-boot-starter-aop\2.4.4\spring-boot-starter-aop-2.4.4.jar;C:\Users\ManoelVitor\.m2\repository\org\aspectj\aspectjweaver\1.9.6\aspectjweaver-1.9.6.jar;C:\Users\ManoelVitor\.m2\repository\org\springframework\boot\spring-boot-starter-jdbc\2.4.4\spring-boot-starter-jdbc-2.4.4.jar;C:\Users\ManoelVitor\.m2\repository\com\zaxxer\HikariCP\3.4.5\HikariCP-3.4.5.jar;C:\Users\ManoelVitor\.m2\repository\org\springframework\spring-jdbc\5.3.5\spring-jdbc-5.3.5.jar;C:\Users\ManoelVitor\.m2\repository\jakarta\transaction\jakarta.transaction-api\1.3.3\jakarta.transaction-api-1.3.3.jar;C:\Users\ManoelVitor\.m2\repository\jakarta\persistence\jakarta.persistence-api\2.2.3\jakarta.persistence-api-2.2.3.jar;C:\Users\ManoelVitor\.m2\repository\org\hibernate\hibernate-core\5.4.29.Final\hibernate-core-5.4.29.Final.jar;C:\Users\ManoelVitor\.m2\repository\org\jboss\logging\jboss-logging\3.4.1.Final\jboss-logging-3.4.1.Final.jar;C:\Users\ManoelVitor\.m2\repository\org\javassist\javassist\3.27.0-GA\javassist-3.27.0-GA.jar;C:\Users\ManoelVitor\.m2\repository\net\bytebuddy\byte-buddy\1.10.22\byte-buddy-1.10.22.jar;C:\Users\ManoelVitor\.m2\repository\antlr\antlr\2.7.7\antlr-2.7.7.jar;C:\Users\ManoelVitor\.m2\repository\org\jboss\jandex\2.2.3.Final\jandex-2.2.3.Final.jar;C:\Users\ManoelVitor\.m2\repository\com\fasterxml\classmate\1.5.1\classmate-1.5.1.jar;C:\Users\ManoelVitor\.m2\repository\org\dom4j\dom4j\2.1.3\dom4j-2.1.3.jar;C:\Users\ManoelVitor\.m2\repository\org\hibernate\common\hibernate-commons-annotations\5.1.2.Final\hibernate-commons-annotations-5.1.2.Final.jar;C:\Users\ManoelVitor\.m2\repository\org\glassfish\jaxb\jaxb-runtime\2.3.3\jaxb-runtime-2.3.3.jar;C:\Users\ManoelVitor\.m2\repository\org\gla
Launcher Type: SUN_STANDARD

[Global flags]
     intx CICompilerCount                          = 3                                         {product} {ergonomic}
     uint ConcGCThreads                            = 1                                         {product} {ergonomic}
     uint G1ConcRefinementThreads                  = 4                                         {product} {ergonomic}
   size_t G1HeapRegionSize                         = 1048576                                   {product} {ergonomic}
    uintx GCDrainStackTargetSize                   = 64                                        {product} {ergonomic}
   size_t InitialHeapSize                          = 65011712                                  {product} {ergonomic}
     bool ManagementServer                         = true                                      {product} {command line}
   size_t MarkStackSize                            = 4194304                                   {product} {ergonomic}
   size_t MaxHeapSize                              = 1019215872                                {product} {ergonomic}
   size_t MaxNewSize                               = 611319808                                 {product} {ergonomic}
   size_t MinHeapDeltaBytes                        = 1048576                                   {product} {ergonomic}
    uintx NonNMethodCodeHeapSize                   = 6973028                                {pd product} {ergonomic}
    uintx NonProfiledCodeHeapSize                  = 244685212                              {pd product} {ergonomic}
    uintx ProfiledCodeHeapSize                     = 0                                      {pd product} {ergonomic}
    uintx ReservedCodeCacheSize                    = 251658240                              {pd product} {ergonomic}
     bool SegmentedCodeCache                       = true                                      {product} {ergonomic}
     intx TieredStopAtLevel                        = 1                                         {product} {command line}
     bool UseCompressedClassPointers               = true                                 {lp64_product} {ergonomic}
     bool UseCompressedOops                        = true                                 {lp64_product} {ergonomic}
     bool UseG1GC                                  = true                                      {product} {ergonomic}
     bool UseLargePagesIndividualAllocation        = false                                  {pd product} {ergonomic}

Logging:
Log output configuration:
 #0: stdout all=warning uptime,level,tags
 #1: stderr all=off uptime,level,tags

Environment Variables:
PATH=C:/Program Files/Java/jdk-11.0.10/bin/server;C:/Program Files/Java/jdk-11.0.10/bin;C:\Program Files\Common Files\Oracle\Java\javapath;C:\Windows\system32;C:\Windows;C:\Windows\System32\Wbem;C:\Windows\System32\WindowsPowerShell\v1.0\;C:\Windows\System32\OpenSSH\;C:\Program Files\Git\cmd;C:\Users\ManoelVitor\AppData\Local\Programs\Python\Python39\Scripts\;C:\Users\ManoelVitor\AppData\Local\Programs\Python\Python39\;C:\src\flutter_windows_1.22.6-stable\flutter\bin;C:\Users\ManoelVitor\AppData\Local\Microsoft\WindowsApps;C:\Users\ManoelVitor\AppData\Local\Programs\Microsoft VS Code\bin;C:\Program Files\heroku\bin;C:\Windows\System32;
USERNAME=ManoelVitor
OS=Windows_NT
PROCESSOR_IDENTIFIER=Intel64 Family 6 Model 37 Stepping 5, GenuineIntel



---------------  S Y S T E M  ---------------

OS: Windows 10 , 64 bit Build 19041 (10.0.19041.928)

CPU:total 4 (initial active 4) (2 cores per cpu, 2 threads per core) family 6 model 37 stepping 5 microcode 0x7, cmov, cx8, fxsr, mmx, sse, sse2, sse3, ssse3, sse4.1, sse4.2, popcnt, ht, tsc, tscinvbit

Memory: 4k page, system-wide physical 3887M (313M free)
TotalPageFile size 15663M (AvailPageFile size 85M)
current process WorkingSet (physical memory assigned to process): 282M, peak: 283M
current process commit charge ("private bytes"): 339M, peak: 469M

vm_info: Java HotSpot(TM) 64-Bit Server VM (11.0.10+8-LTS-162) for windows-amd64 JRE (11.0.10+8-LTS-162), built on Dec  8 2020 16:32:57 by "mach5one" with MS VC++ 15.9 (VS2017)

END.
