#
# There is insufficient memory for the Java Runtime Environment to continue.
# Native memory allocation (mmap) failed to map 159383552 bytes for Failed to commit area from 0x00000000ccc00000 to 0x00000000d6400000 of length 159383552.
# Possible reasons:
#   The system is out of physical RAM or swap space
#   The process is running with CompressedOops enabled, and the Java Heap may be blocking the growth of the native heap
# Possible solutions:
#   Reduce memory load on the system
#   Increase physical memory or swap space
#   Check if swap backing store is full
#   Decrease Java heap size (-Xmx/-Xms)
#   Decrease number of Java threads
#   Decrease Java thread stack sizes (-Xss)
#   Set larger code cache with -XX:ReservedCodeCacheSize=
#   JVM is running with Unscaled Compressed Oops mode in which the Java heap is
#     placed in the first 4GB address space. The Java Heap base address is the
#     maximum limit for the native heap growth. Please use -XX:HeapBaseMinAddress
#     to set the Java Heap base and to place the Java Heap above 4GB virtual address.
# This output file may be truncated or incomplete.
#
#  Out of Memory Error (./open/src/hotspot/os/windows/os_windows.cpp:3273), pid=7528, tid=11028
#
# JRE version: Java(TM) SE Runtime Environment 18.9 (11.0.10+8) (build 11.0.10+8-LTS-162)
# Java VM: Java HotSpot(TM) 64-Bit Server VM 18.9 (11.0.10+8-LTS-162, mixed mode, tiered, compressed oops, g1 gc, windows-amd64)
# No core dump will be written. Minidumps are not enabled by default on client versions of Windows
#

---------------  S U M M A R Y ------------

Command Line: -Dcom.sun.management.jmxremote -Dcom.sun.management.jmxremote.port=61549 -Dcom.sun.management.jmxremote.authenticate=false -Dcom.sun.management.jmxremote.ssl=false -Djava.rmi.server.hostname=localhost -Dspring.jmx.enabled=true -Dspring.application.admin.enabled=true -XX:TieredStopAtLevel=1 -Dspring.boot.project.name=pokemon -Dfile.encoding=UTF-8 com.pokemon.PokemonApplication

Host: Intel(R) Core(TM) i5 CPU       M 450  @ 2.40GHz, 4 cores, 3G,  Windows 10 , 64 bit Build 19041 (10.0.19041.928)
Time: Sat Jun  5 22:59:42 2021 Hora oficial do Brasil elapsed time: 34.940204 seconds (0d 0h 0m 34s)

---------------  T H R E A D  ---------------

Current thread (0x00000236416a4000):  VMThread "VM Thread" [stack: 0x000000cb95b00000,0x000000cb95c00000] [id=11028]

Stack: [0x000000cb95b00000,0x000000cb95c00000]
[error occurred during error reporting (printing stack bounds), id 0xc0000005, EXCEPTION_ACCESS_VIOLATION (0xc0000005) at pc=0x000002362d690f3d]

Native frames: (J=compiled Java code, j=interpreted, Vv=VM code, C=native code)
V  [jvm.dll+0x613e6a]
V  [jvm.dll+0x74c1ff]
V  [jvm.dll+0x74d885]
V  [jvm.dll+0x74de65]
V  [jvm.dll+0x74de1b]
V  [jvm.dll+0x6136a3]
V  [jvm.dll+0x613a68]
C  [ntdll.dll+0xa217f]
C  [ntdll.dll+0x51454]
C  [ntdll.dll+0xa0cae]
C  0x000002362d690f3d

VM_Operation (0x000000cb97dfd510): G1CollectForAllocation, mode: safepoint, requested by thread 0x000002364990d000


---------------  P R O C E S S  ---------------

Threads class SMR info:
_java_thread_list=0x0000023649929960, length=34, elements={
0x0000023623a14000, 0x00000236416aa000, 0x00000236416d3800, 0x0000023641722800,
0x0000023641723800, 0x0000023641727800, 0x000002364174b000, 0x00000236421e5800,
0x0000023642289000, 0x0000023643282000, 0x000002364327e800, 0x00000236432fd800,
0x0000023643605000, 0x000002364360a800, 0x000002364362e000, 0x000002364367a800,
0x0000023643722800, 0x000002364373d000, 0x000002364580d800, 0x000002364580e800,
0x000002364580f000, 0x0000023645810000, 0x000002364580a800, 0x000002364580b000,
0x000002364580c000, 0x000002364580c800, 0x0000023645811000, 0x000002364990c800,
0x000002364990d000, 0x000002364990e000, 0x0000023649908800, 0x000002364990f000,
0x0000023649909000, 0x000002364990f800
}

Java Threads: ( => current thread )
  0x0000023623a14000 JavaThread "main" [_thread_blocked, id=11848, stack(0x000000cb95500000,0x000000cb95600000)]
  0x00000236416aa000 JavaThread "Reference Handler" daemon [_thread_blocked, id=4288, stack(0x000000cb95c00000,0x000000cb95d00000)]
  0x00000236416d3800 JavaThread "Finalizer" daemon [_thread_blocked, id=13052, stack(0x000000cb95d00000,0x000000cb95e00000)]
  0x0000023641722800 JavaThread "Signal Dispatcher" daemon [_thread_blocked, id=6484, stack(0x000000cb95e00000,0x000000cb95f00000)]
  0x0000023641723800 JavaThread "Attach Listener" daemon [_thread_blocked, id=1020, stack(0x000000cb95f00000,0x000000cb96000000)]
  0x0000023641727800 JavaThread "C1 CompilerThread0" daemon [_thread_blocked, id=10424, stack(0x000000cb96000000,0x000000cb96100000)]
  0x000002364174b000 JavaThread "Sweeper thread" daemon [_thread_blocked, id=732, stack(0x000000cb96100000,0x000000cb96200000)]
  0x00000236421e5800 JavaThread "Common-Cleaner" daemon [_thread_blocked, id=5560, stack(0x000000cb96200000,0x000000cb96300000)]
  0x0000023642289000 JavaThread "Service Thread" daemon [_thread_blocked, id=14168, stack(0x000000cb96300000,0x000000cb96400000)]
  0x0000023643282000 JavaThread "RMI TCP Accept-0" daemon [_thread_in_native, id=8744, stack(0x000000cb96600000,0x000000cb96700000)]
  0x000002364327e800 JavaThread "RMI TCP Accept-61549" daemon [_thread_in_native, id=4720, stack(0x000000cb96700000,0x000000cb96800000)]
  0x00000236432fd800 JavaThread "RMI TCP Accept-0" daemon [_thread_in_native, id=2112, stack(0x000000cb96800000,0x000000cb96900000)]
  0x0000023643605000 JavaThread "RMI TCP Connection(1)-127.0.0.1" daemon [_thread_in_native, id=9036, stack(0x000000cb96a00000,0x000000cb96b00000)]
  0x000002364360a800 JavaThread "RMI Scheduler(0)" daemon [_thread_blocked, id=9560, stack(0x000000cb96b00000,0x000000cb96c00000)]
  0x000002364362e000 JavaThread "RMI TCP Connection(2)-127.0.0.1" daemon [_thread_blocked, id=10468, stack(0x000000cb96c00000,0x000000cb96d00000)]
  0x000002364367a800 JavaThread "JMX server connection timeout 19" daemon [_thread_blocked, id=8852, stack(0x000000cb96d00000,0x000000cb96e00000)]
  0x0000023643722800 JavaThread "Thread-0" [_thread_blocked, id=1448, stack(0x000000cb96e00000,0x000000cb96f00000)]
  0x000002364373d000 JavaThread "restartedMain" [_thread_blocked, id=10968, stack(0x000000cb96f00000,0x000000cb97000000)]
  0x000002364580d800 JavaThread "Catalina-utility-1" [_thread_blocked, id=15188, stack(0x000000cb97200000,0x000000cb97300000)]
  0x000002364580e800 JavaThread "Catalina-utility-2" [_thread_blocked, id=4592, stack(0x000000cb97300000,0x000000cb97400000)]
  0x000002364580f000 JavaThread "container-0" [_thread_blocked, id=14636, stack(0x000000cb97400000,0x000000cb97500000)]
  0x0000023645810000 JavaThread "PostgreSQL-JDBC-SharedTimer-1" daemon [_thread_blocked, id=10528, stack(0x000000cb97600000,0x000000cb97700000)]
  0x000002364580a800 JavaThread "HikariPool-1 housekeeper" daemon [_thread_blocked, id=13212, stack(0x000000cb97700000,0x000000cb97800000)]
  0x000002364580b000 JavaThread "HikariPool-1 connection adder" daemon [_thread_blocked, id=15252, stack(0x000000cb97800000,0x000000cb97900000)]
  0x000002364580c000 JavaThread "Live Reload Server" daemon [_thread_in_native, id=5096, stack(0x000000cb97a00000,0x000000cb97b00000)]
  0x000002364580c800 JavaThread "java-sdk-http-connection-reaper" daemon [_thread_blocked, id=2908, stack(0x000000cb97900000,0x000000cb97a00000)]
  0x0000023645811000 JavaThread "ClassGraph-worker-16" daemon [_thread_blocked, id=14072, stack(0x000000cb97b00000,0x000000cb97c00000)]
  0x000002364990c800 JavaThread "ClassGraph-worker-17" daemon [_thread_blocked, id=15076, stack(0x000000cb97c00000,0x000000cb97d00000)]
  0x000002364990d000 JavaThread "ClassGraph-worker-18" daemon [_thread_blocked, id=8508, stack(0x000000cb97d00000,0x000000cb97e00000)]
  0x000002364990e000 JavaThread "ClassGraph-worker-19" daemon [_thread_blocked, id=2616, stack(0x000000cb97e00000,0x000000cb97f00000)]
  0x0000023649908800 JavaThread "ClassGraph-worker-20" daemon [_thread_blocked, id=4772, stack(0x000000cb97f00000,0x000000cb98000000)]
  0x000002364990f000 JavaThread "ClassGraph-worker-21" daemon [_thread_blocked, id=10624, stack(0x000000cb98000000,0x000000cb98100000)]
  0x0000023649909000 JavaThread "ClassGraph-worker-22" daemon [_thread_blocked, id=10948, stack(0x000000cb98100000,0x000000cb98200000)]
  0x000002364990f800 JavaThread "ClassGraph-worker-23" daemon [_thread_blocked, id=15300, stack(0x000000cb98200000,0x000000cb98300000)]

Other Threads:
=>0x00000236416a4000 VMThread "VM Thread" [stack: 0x000000cb95b00000,0x000000cb95c00000] [id=11028]
  0x0000023643295000 WatcherThread [stack: 0x000000cb96900000,0x000000cb96a00000] [id=7380]
  0x0000023623a2b000 GCTaskThread "GC Thread#0" [stack: 0x000000cb95600000,0x000000cb95700000] [id=13528]
  0x0000023642bc1800 GCTaskThread "GC Thread#1" [stack: 0x000000cb96500000,0x000000cb96600000] [id=11216]
  0x00000236437af800 GCTaskThread "GC Thread#2" [stack: 0x000000cb97000000,0x000000cb97100000] [id=8212]
  0x0000023643817000 GCTaskThread "GC Thread#3" [stack: 0x000000cb97100000,0x000000cb97200000] [id=6816]
  0x0000023623a43800 ConcurrentGCThread "G1 Main Marker" [stack: 0x000000cb95700000,0x000000cb95800000] [id=5532]
  0x0000023623a47000 ConcurrentGCThread "G1 Conc#0" [stack: 0x000000cb95800000,0x000000cb95900000] [id=7348]
  0x0000023623a8e800 ConcurrentGCThread "G1 Refine#0" [stack: 0x000000cb95900000,0x000000cb95a00000] [id=5732]
  0x0000023623a90000 ConcurrentGCThread "G1 Young RemSet Sampling" [stack: 0x000000cb95a00000,0x000000cb95b00000] [id=10596]

Threads with active compile tasks:

VM state:at safepoint (normal execution)

VM Mutex/Monitor currently owned by a thread:  ([mutex/lock_event])
[0x0000023623a10760] Threads_lock - owner thread: 0x00000236416a4000
[0x0000023623a10f40] Heap_lock - owner thread: 0x000002364990d000

Heap address: 0x00000000c3400000, size: 972 MB, Compressed Oops mode: 32-bit
Narrow klass base: 0x0000000000000000, Narrow klass shift: 3
Compressed class space size: 1073741824 Address: 0x0000000100000000

Heap:
 garbage-first heap   total 311296K, used 106441K [0x00000000c3400000, 0x0000000100000000)
  region size 1024K, 3 young (3072K), 3 survivors (3072K)
 Metaspace       used 73541K, capacity 75485K, committed 75648K, reserved 1114112K
  class space    used 9882K, capacity 10616K, committed 10624K, reserved 1048576K
Heap Regions: E=young(eden), S=young(survivor), O=old, HS=humongous(starts), HC=humongous(continues), CS=collection set, F=free, A=archive, TAMS=top-at-mark-start (previous, next)
|   0|0x00000000c3400000, 0x00000000c3500000, 0x00000000c3500000|100%|HS|  |TAMS 0x00000000c3500000, 0x00000000c3400000| Complete 
|   1|0x00000000c3500000, 0x00000000c3600000, 0x00000000c3600000|100%| O|  |TAMS 0x00000000c3600000, 0x00000000c3500000| Updating 
|   2|0x00000000c3600000, 0x00000000c3700000, 0x00000000c3700000|100%| O|  |TAMS 0x00000000c3700000, 0x00000000c3600000| Updating 
|   3|0x00000000c3700000, 0x00000000c3800000, 0x00000000c3800000|100%| O|  |TAMS 0x00000000c3800000, 0x00000000c3700000| Updating 
|   4|0x00000000c3800000, 0x00000000c3900000, 0x00000000c3900000|100%| O|  |TAMS 0x00000000c3900000, 0x00000000c3800000| Updating 
|   5|0x00000000c3900000, 0x00000000c3a00000, 0x00000000c3a00000|100%| O|  |TAMS 0x00000000c3a00000, 0x00000000c3900000| Updating 
|   6|0x00000000c3a00000, 0x00000000c3b00000, 0x00000000c3b00000|100%| O|  |TAMS 0x00000000c3b00000, 0x00000000c3a00000| Updating 
|   7|0x00000000c3b00000, 0x00000000c3c00000, 0x00000000c3c00000|100%| O|  |TAMS 0x00000000c3c00000, 0x00000000c3b00000| Updating 
|   8|0x00000000c3c00000, 0x00000000c3d00000, 0x00000000c3d00000|100%| O|  |TAMS 0x00000000c3d00000, 0x00000000c3c00000| Updating 
|   9|0x00000000c3d00000, 0x00000000c3e00000, 0x00000000c3e00000|100%| O|  |TAMS 0x00000000c3e00000, 0x00000000c3d00000| Updating 
|  10|0x00000000c3e00000, 0x00000000c3f00000, 0x00000000c3f00000|100%| O|  |TAMS 0x00000000c3f00000, 0x00000000c3e00000| Updating 
|  11|0x00000000c3f00000, 0x00000000c4000000, 0x00000000c4000000|100%| O|  |TAMS 0x00000000c4000000, 0x00000000c3f00000| Updating 
|  12|0x00000000c4000000, 0x00000000c4100000, 0x00000000c4100000|100%| O|  |TAMS 0x00000000c4100000, 0x00000000c4000000| Updating 
|  13|0x00000000c4100000, 0x00000000c4200000, 0x00000000c4200000|100%| O|  |TAMS 0x00000000c4200000, 0x00000000c4100000| Updating 
|  14|0x00000000c4200000, 0x00000000c4300000, 0x00000000c4300000|100%| O|  |TAMS 0x00000000c4300000, 0x00000000c4200000| Updating 
|  15|0x00000000c4300000, 0x00000000c4400000, 0x00000000c4400000|100%| O|  |TAMS 0x00000000c4400000, 0x00000000c4300000| Updating 
|  16|0x00000000c4400000, 0x00000000c4500000, 0x00000000c4500000|100%| O|  |TAMS 0x00000000c4500000, 0x00000000c4400000| Updating 
|  17|0x00000000c4500000, 0x00000000c4600000, 0x00000000c4600000|100%| O|  |TAMS 0x00000000c4600000, 0x00000000c4500000| Updating 
|  18|0x00000000c4600000, 0x00000000c4700000, 0x00000000c4700000|100%| O|  |TAMS 0x00000000c4700000, 0x00000000c4600000| Updating 
|  19|0x00000000c4700000, 0x00000000c4800000, 0x00000000c4800000|100%| O|  |TAMS 0x00000000c4800000, 0x00000000c4700000| Updating 
|  20|0x00000000c4800000, 0x00000000c4900000, 0x00000000c4900000|100%| O|  |TAMS 0x00000000c4900000, 0x00000000c4800000| Updating 
|  21|0x00000000c4900000, 0x00000000c4a00000, 0x00000000c4a00000|100%| O|  |TAMS 0x00000000c4a00000, 0x00000000c4900000| Updating 
|  22|0x00000000c4a00000, 0x00000000c4b00000, 0x00000000c4b00000|100%| O|  |TAMS 0x00000000c4b00000, 0x00000000c4a00000| Updating 
|  23|0x00000000c4b00000, 0x00000000c4c00000, 0x00000000c4c00000|100%| O|  |TAMS 0x00000000c4c00000, 0x00000000c4b00000| Updating 
|  24|0x00000000c4c00000, 0x00000000c4d00000, 0x00000000c4d00000|100%| O|  |TAMS 0x00000000c4d00000, 0x00000000c4c00000| Updating 
|  25|0x00000000c4d00000, 0x00000000c4e00000, 0x00000000c4e00000|100%| O|  |TAMS 0x00000000c4e00000, 0x00000000c4d00000| Updating 
|  26|0x00000000c4e00000, 0x00000000c4f00000, 0x00000000c4f00000|100%| O|  |TAMS 0x00000000c4f00000, 0x00000000c4e00000| Updating 
|  27|0x00000000c4f00000, 0x00000000c5000000, 0x00000000c5000000|100%| O|  |TAMS 0x00000000c5000000, 0x00000000c4f00000| Updating 
|  28|0x00000000c5000000, 0x00000000c5100000, 0x00000000c5100000|100%| O|  |TAMS 0x00000000c5100000, 0x00000000c5000000| Updating 
|  29|0x00000000c5100000, 0x00000000c5200000, 0x00000000c5200000|100%| O|  |TAMS 0x00000000c5200000, 0x00000000c5100000| Updating 
|  30|0x00000000c5200000, 0x00000000c5300000, 0x00000000c5300000|100%| O|  |TAMS 0x00000000c5300000, 0x00000000c5200000| Updating 
|  31|0x00000000c5300000, 0x00000000c5400000, 0x00000000c5400000|100%| O|  |TAMS 0x00000000c5400000, 0x00000000c5300000| Updating 
|  32|0x00000000c5400000, 0x00000000c5500000, 0x00000000c5500000|100%| O|  |TAMS 0x00000000c5500000, 0x00000000c5400000| Updating 
|  33|0x00000000c5500000, 0x00000000c5600000, 0x00000000c5600000|100%| O|  |TAMS 0x00000000c5600000, 0x00000000c5500000| Updating 
|  34|0x00000000c5600000, 0x00000000c5700000, 0x00000000c5700000|100%| O|  |TAMS 0x00000000c5700000, 0x00000000c5600000| Updating 
|  35|0x00000000c5700000, 0x00000000c5800000, 0x00000000c5800000|100%| O|  |TAMS 0x00000000c5800000, 0x00000000c5700000| Updating 
|  36|0x00000000c5800000, 0x00000000c5900000, 0x00000000c5900000|100%| O|  |TAMS 0x00000000c5900000, 0x00000000c5800000| Updating 
|  37|0x00000000c5900000, 0x00000000c5a00000, 0x00000000c5a00000|100%| O|  |TAMS 0x00000000c5a00000, 0x00000000c5900000| Updating 
|  38|0x00000000c5a00000, 0x00000000c5b00000, 0x00000000c5b00000|100%| O|  |TAMS 0x00000000c5b00000, 0x00000000c5a00000| Updating 
|  39|0x00000000c5b00000, 0x00000000c5c00000, 0x00000000c5c00000|100%| O|  |TAMS 0x00000000c5c00000, 0x00000000c5b00000| Updating 
|  40|0x00000000c5c00000, 0x00000000c5d00000, 0x00000000c5d00000|100%| O|  |TAMS 0x00000000c5d00000, 0x00000000c5c00000| Updating 
|  41|0x00000000c5d00000, 0x00000000c5e00000, 0x00000000c5e00000|100%| O|  |TAMS 0x00000000c5e00000, 0x00000000c5d00000| Updating 
|  42|0x00000000c5e00000, 0x00000000c5f00000, 0x00000000c5f00000|100%| O|  |TAMS 0x00000000c5f00000, 0x00000000c5e00000| Updating 
|  43|0x00000000c5f00000, 0x00000000c6000000, 0x00000000c6000000|100%| O|  |TAMS 0x00000000c6000000, 0x00000000c5f00000| Updating 
|  44|0x00000000c6000000, 0x00000000c6100000, 0x00000000c6100000|100%| O|  |TAMS 0x00000000c6100000, 0x00000000c6000000| Updating 
|  45|0x00000000c6100000, 0x00000000c6200000, 0x00000000c6200000|100%| O|  |TAMS 0x00000000c6200000, 0x00000000c6100000| Updating 
|  46|0x00000000c6200000, 0x00000000c6300000, 0x00000000c6300000|100%| O|  |TAMS 0x00000000c6300000, 0x00000000c6200000| Updating 
|  47|0x00000000c6300000, 0x00000000c6400000, 0x00000000c6400000|100%| O|  |TAMS 0x00000000c6400000, 0x00000000c6300000| Updating 
|  48|0x00000000c6400000, 0x00000000c6500000, 0x00000000c6500000|100%| O|  |TAMS 0x00000000c6500000, 0x00000000c6400000| Updating 
|  49|0x00000000c6500000, 0x00000000c6600000, 0x00000000c6600000|100%| O|  |TAMS 0x00000000c6600000, 0x00000000c6500000| Updating 
|  50|0x00000000c6600000, 0x00000000c6700000, 0x00000000c6700000|100%| O|  |TAMS 0x00000000c6700000, 0x00000000c6600000| Updating 
|  51|0x00000000c6700000, 0x00000000c6800000, 0x00000000c6800000|100%| O|  |TAMS 0x00000000c6800000, 0x00000000c6700000| Updating 
|  52|0x00000000c6800000, 0x00000000c6900000, 0x00000000c6900000|100%| O|  |TAMS 0x00000000c6900000, 0x00000000c6800000| Updating 
|  53|0x00000000c6900000, 0x00000000c6a00000, 0x00000000c6a00000|100%| O|  |TAMS 0x00000000c6a00000, 0x00000000c6900000| Updating 
|  54|0x00000000c6a00000, 0x00000000c6b00000, 0x00000000c6b00000|100%| O|  |TAMS 0x00000000c6b00000, 0x00000000c6a00000| Updating 
|  55|0x00000000c6b00000, 0x00000000c6c00000, 0x00000000c6c00000|100%| O|  |TAMS 0x00000000c6c00000, 0x00000000c6b00000| Updating 
|  56|0x00000000c6c00000, 0x00000000c6d00000, 0x00000000c6d00000|100%| O|  |TAMS 0x00000000c6d00000, 0x00000000c6c00000| Updating 
|  57|0x00000000c6d00000, 0x00000000c6e00000, 0x00000000c6e00000|100%| O|  |TAMS 0x00000000c6e00000, 0x00000000c6d00000| Updating 
|  58|0x00000000c6e00000, 0x00000000c6f00000, 0x00000000c6f00000|100%| O|  |TAMS 0x00000000c6f00000, 0x00000000c6e00000| Updating 
|  59|0x00000000c6f00000, 0x00000000c7000000, 0x00000000c7000000|100%| O|  |TAMS 0x00000000c7000000, 0x00000000c6f00000| Updating 
|  60|0x00000000c7000000, 0x00000000c7100000, 0x00000000c7100000|100%| O|  |TAMS 0x00000000c7100000, 0x00000000c7000000| Updating 
|  61|0x00000000c7100000, 0x00000000c7200000, 0x00000000c7200000|100%| O|  |TAMS 0x00000000c7100000, 0x00000000c7100000| Untracked 
|  62|0x00000000c7200000, 0x00000000c7300000, 0x00000000c7300000|100%| O|  |TAMS 0x00000000c7300000, 0x00000000c7200000| Updating 
|  63|0x00000000c7300000, 0x00000000c7400000, 0x00000000c7400000|100%| O|  |TAMS 0x00000000c7400000, 0x00000000c7300000| Updating 
|  64|0x00000000c7400000, 0x00000000c7500000, 0x00000000c7500000|100%| O|  |TAMS 0x00000000c7500000, 0x00000000c7400000| Updating 
|  65|0x00000000c7500000, 0x00000000c7600000, 0x00000000c7600000|100%| O|  |TAMS 0x00000000c7600000, 0x00000000c7500000| Updating 
|  66|0x00000000c7600000, 0x00000000c7700000, 0x00000000c7700000|100%| O|  |TAMS 0x00000000c7700000, 0x00000000c7600000| Updating 
|  67|0x00000000c7700000, 0x00000000c7800000, 0x00000000c7800000|100%| O|  |TAMS 0x00000000c7800000, 0x00000000c7700000| Updating 
|  68|0x00000000c7800000, 0x00000000c7900000, 0x00000000c7900000|100%| O|  |TAMS 0x00000000c7900000, 0x00000000c7800000| Updating 
|  69|0x00000000c7900000, 0x00000000c7a00000, 0x00000000c7a00000|100%| O|  |TAMS 0x00000000c7a00000, 0x00000000c7900000| Updating 
|  70|0x00000000c7a00000, 0x00000000c7b00000, 0x00000000c7b00000|100%| O|  |TAMS 0x00000000c7b00000, 0x00000000c7a00000| Updating 
|  71|0x00000000c7b00000, 0x00000000c7c00000, 0x00000000c7c00000|100%| O|  |TAMS 0x00000000c7c00000, 0x00000000c7b00000| Updating 
|  72|0x00000000c7c00000, 0x00000000c7d00000, 0x00000000c7d00000|100%| O|  |TAMS 0x00000000c7d00000, 0x00000000c7c00000| Updating 
|  73|0x00000000c7d00000, 0x00000000c7e00000, 0x00000000c7e00000|100%| O|  |TAMS 0x00000000c7e00000, 0x00000000c7d00000| Updating 
|  74|0x00000000c7e00000, 0x00000000c7f00000, 0x00000000c7f00000|100%| O|  |TAMS 0x00000000c7f00000, 0x00000000c7e00000| Updating 
|  75|0x00000000c7f00000, 0x00000000c8000000, 0x00000000c8000000|100%| O|  |TAMS 0x00000000c8000000, 0x00000000c7f00000| Updating 
|  76|0x00000000c8000000, 0x00000000c8100000, 0x00000000c8100000|100%| O|  |TAMS 0x00000000c8100000, 0x00000000c8000000| Updating 
|  77|0x00000000c8100000, 0x00000000c8200000, 0x00000000c8200000|100%| O|  |TAMS 0x00000000c8200000, 0x00000000c8100000| Updating 
|  78|0x00000000c8200000, 0x00000000c8300000, 0x00000000c8300000|100%| O|  |TAMS 0x00000000c8300000, 0x00000000c8200000| Updating 
|  79|0x00000000c8300000, 0x00000000c8400000, 0x00000000c8400000|100%| O|  |TAMS 0x00000000c8400000, 0x00000000c8300000| Updating 
|  80|0x00000000c8400000, 0x00000000c8500000, 0x00000000c8500000|100%| O|  |TAMS 0x00000000c8500000, 0x00000000c8400000| Updating 
|  81|0x00000000c8500000, 0x00000000c8600000, 0x00000000c8600000|100%| O|  |TAMS 0x00000000c8600000, 0x00000000c8500000| Updating 
|  82|0x00000000c8600000, 0x00000000c8700000, 0x00000000c8700000|100%| O|  |TAMS 0x00000000c8700000, 0x00000000c8600000| Updating 
|  83|0x00000000c8700000, 0x00000000c8800000, 0x00000000c8800000|100%| O|  |TAMS 0x00000000c8800000, 0x00000000c8700000| Updating 
|  84|0x00000000c8800000, 0x00000000c8900000, 0x00000000c8900000|100%| O|  |TAMS 0x00000000c8900000, 0x00000000c8800000| Updating 
|  85|0x00000000c8900000, 0x00000000c8a00000, 0x00000000c8a00000|100%| O|  |TAMS 0x00000000c8a00000, 0x00000000c8900000| Updating 
|  86|0x00000000c8a00000, 0x00000000c8b00000, 0x00000000c8b00000|100%| O|  |TAMS 0x00000000c8b00000, 0x00000000c8a00000| Updating 
|  87|0x00000000c8b00000, 0x00000000c8c00000, 0x00000000c8c00000|100%| O|  |TAMS 0x00000000c8c00000, 0x00000000c8b00000| Updating 
|  88|0x00000000c8c00000, 0x00000000c8d00000, 0x00000000c8d00000|100%| O|  |TAMS 0x00000000c8d00000, 0x00000000c8c00000| Updating 
|  89|0x00000000c8d00000, 0x00000000c8e00000, 0x00000000c8e00000|100%| O|  |TAMS 0x00000000c8e00000, 0x00000000c8d00000| Updating 
|  90|0x00000000c8e00000, 0x00000000c8f00000, 0x00000000c8f00000|100%| O|  |TAMS 0x00000000c8f00000, 0x00000000c8e00000| Updating 
|  91|0x00000000c8f00000, 0x00000000c9000000, 0x00000000c9000000|100%| O|  |TAMS 0x00000000c9000000, 0x00000000c8f00000| Updating 
|  92|0x00000000c9000000, 0x00000000c9100000, 0x00000000c9100000|100%| O|  |TAMS 0x00000000c9100000, 0x00000000c9000000| Updating 
|  93|0x00000000c9100000, 0x00000000c9200000, 0x00000000c9200000|100%| O|  |TAMS 0x00000000c91a4600, 0x00000000c9100000| Updating 
|  94|0x00000000c9200000, 0x00000000c9300000, 0x00000000c9300000|100%| O|  |TAMS 0x00000000c9200000, 0x00000000c9200000| Untracked 
|  95|0x00000000c9300000, 0x00000000c9400000, 0x00000000c9400000|100%| O|  |TAMS 0x00000000c9300000, 0x00000000c9300000| Untracked 
|  96|0x00000000c9400000, 0x00000000c9500000, 0x00000000c9500000|100%| O|  |TAMS 0x00000000c9400000, 0x00000000c9400000| Untracked 
|  97|0x00000000c9500000, 0x00000000c9600000, 0x00000000c9600000|100%| O|  |TAMS 0x00000000c9500000, 0x00000000c9500000| Untracked 
|  98|0x00000000c9600000, 0x00000000c9700000, 0x00000000c9700000|100%| O|  |TAMS 0x00000000c9600000, 0x00000000c9600000| Updating 
|  99|0x00000000c9700000, 0x00000000c9800000, 0x00000000c9800000|100%| O|  |TAMS 0x00000000c9700000, 0x00000000c9700000| Untracked 
| 100|0x00000000c9800000, 0x00000000c98f2400, 0x00000000c9900000| 94%| O|  |TAMS 0x00000000c9800000, 0x00000000c9800000| Untracked 
| 101|0x00000000c9900000, 0x00000000c9900000, 0x00000000c9a00000|  0%| F|  |TAMS 0x00000000c9900000, 0x00000000c9900000| Untracked 
| 102|0x00000000c9a00000, 0x00000000c9a00000, 0x00000000c9b00000|  0%| F|  |TAMS 0x00000000c9a00000, 0x00000000c9a00000| Untracked 
| 103|0x00000000c9b00000, 0x00000000c9b00000, 0x00000000c9c00000|  0%| F|  |TAMS 0x00000000c9b00000, 0x00000000c9b00000| Untracked 
| 104|0x00000000c9c00000, 0x00000000c9c00000, 0x00000000c9d00000|  0%| F|  |TAMS 0x00000000c9c00000, 0x00000000c9c00000| Untracked 
| 105|0x00000000c9d00000, 0x00000000c9d00000, 0x00000000c9e00000|  0%| F|  |TAMS 0x00000000c9d00000, 0x00000000c9d00000| Untracked 
| 106|0x00000000c9e00000, 0x00000000c9e00000, 0x00000000c9f00000|  0%| F|  |TAMS 0x00000000c9e00000, 0x00000000c9e00000| Untracked 
| 107|0x00000000c9f00000, 0x00000000c9f00000, 0x00000000ca000000|  0%| F|  |TAMS 0x00000000c9f00000, 0x00000000c9f00000| Untracked 
| 108|0x00000000ca000000, 0x00000000ca000000, 0x00000000ca100000|  0%| F|  |TAMS 0x00000000ca000000, 0x00000000ca000000| Untracked 
| 109|0x00000000ca100000, 0x00000000ca100000, 0x00000000ca200000|  0%| F|  |TAMS 0x00000000ca100000, 0x00000000ca100000| Untracked 
| 110|0x00000000ca200000, 0x00000000ca200000, 0x00000000ca300000|  0%| F|  |TAMS 0x00000000ca200000, 0x00000000ca200000| Untracked 
| 111|0x00000000ca300000, 0x00000000ca300000, 0x00000000ca400000|  0%| F|  |TAMS 0x00000000ca300000, 0x00000000ca300000| Untracked 
| 112|0x00000000ca400000, 0x00000000ca400000, 0x00000000ca500000|  0%| F|  |TAMS 0x00000000ca400000, 0x00000000ca400000| Untracked 
| 113|0x00000000ca500000, 0x00000000ca500000, 0x00000000ca600000|  0%| F|  |TAMS 0x00000000ca500000, 0x00000000ca500000| Untracked 
| 114|0x00000000ca600000, 0x00000000ca600000, 0x00000000ca700000|  0%| F|  |TAMS 0x00000000ca600000, 0x00000000ca600000| Untracked 
| 115|0x00000000ca700000, 0x00000000ca700000, 0x00000000ca800000|  0%| F|  |TAMS 0x00000000ca700000, 0x00000000ca700000| Untracked 
| 116|0x00000000ca800000, 0x00000000ca800000, 0x00000000ca900000|  0%| F|  |TAMS 0x00000000ca800000, 0x00000000ca800000| Untracked 
| 117|0x00000000ca900000, 0x00000000ca900000, 0x00000000caa00000|  0%| F|  |TAMS 0x00000000ca900000, 0x00000000ca900000| Untracked 
| 118|0x00000000caa00000, 0x00000000caa00000, 0x00000000cab00000|  0%| F|  |TAMS 0x00000000caa00000, 0x00000000caa00000| Untracked 
| 119|0x00000000cab00000, 0x00000000cab00000, 0x00000000cac00000|  0%| F|  |TAMS 0x00000000cab00000, 0x00000000cab00000| Untracked 
| 120|0x00000000cac00000, 0x00000000cac00000, 0x00000000cad00000|  0%| F|  |TAMS 0x00000000cac00000, 0x00000000cac00000| Untracked 
| 121|0x00000000cad00000, 0x00000000cad00000, 0x00000000cae00000|  0%| F|  |TAMS 0x00000000cad00000, 0x00000000cad00000| Untracked 
| 122|0x00000000cae00000, 0x00000000cae00000, 0x00000000caf00000|  0%| F|  |TAMS 0x00000000cae00000, 0x00000000cae00000| Untracked 
| 123|0x00000000caf00000, 0x00000000caf00000, 0x00000000cb000000|  0%| F|  |TAMS 0x00000000caf00000, 0x00000000caf00000| Untracked 
| 124|0x00000000cb000000, 0x00000000cb000000, 0x00000000cb100000|  0%| F|  |TAMS 0x00000000cb000000, 0x00000000cb000000| Untracked 
| 125|0x00000000cb100000, 0x00000000cb100000, 0x00000000cb200000|  0%| F|  |TAMS 0x00000000cb100000, 0x00000000cb100000| Untracked 
| 126|0x00000000cb200000, 0x00000000cb200000, 0x00000000cb300000|  0%| F|  |TAMS 0x00000000cb200000, 0x00000000cb200000| Untracked 
| 127|0x00000000cb300000, 0x00000000cb300000, 0x00000000cb400000|  0%| F|  |TAMS 0x00000000cb300000, 0x00000000cb300000| Untracked 
| 128|0x00000000cb400000, 0x00000000cb400000, 0x00000000cb500000|  0%| F|  |TAMS 0x00000000cb400000, 0x00000000cb400000| Untracked 
| 129|0x00000000cb500000, 0x00000000cb500000, 0x00000000cb600000|  0%| F|  |TAMS 0x00000000cb500000, 0x00000000cb500000| Untracked 
| 130|0x00000000cb600000, 0x00000000cb600000, 0x00000000cb700000|  0%| F|  |TAMS 0x00000000cb600000, 0x00000000cb600000| Untracked 
| 131|0x00000000cb700000, 0x00000000cb700000, 0x00000000cb800000|  0%| F|  |TAMS 0x00000000cb700000, 0x00000000cb700000| Untracked 
| 132|0x00000000cb800000, 0x00000000cb900000, 0x00000000cb900000|100%| S|CS|TAMS 0x00000000cb800000, 0x00000000cb800000| Complete 
| 133|0x00000000cb900000, 0x00000000cba00000, 0x00000000cba00000|100%| S|CS|TAMS 0x00000000cb900000, 0x00000000cb900000| Complete 
| 134|0x00000000cba00000, 0x00000000cbb00000, 0x00000000cbb00000|100%| S|CS|TAMS 0x00000000cba00000, 0x00000000cba00000| Complete 
| 135|0x00000000cbb00000, 0x00000000cbb00000, 0x00000000cbc00000|  0%| F|  |TAMS 0x00000000cbb00000, 0x00000000cbb00000| Untracked 
| 136|0x00000000cbc00000, 0x00000000cbc00000, 0x00000000cbd00000|  0%| F|  |TAMS 0x00000000cbc00000, 0x00000000cbc00000| Untracked 
| 137|0x00000000cbd00000, 0x00000000cbd00000, 0x00000000cbe00000|  0%| F|  |TAMS 0x00000000cbd00000, 0x00000000cbd00000| Untracked 
| 138|0x00000000cbe00000, 0x00000000cbe00000, 0x00000000cbf00000|  0%| F|  |TAMS 0x00000000cbe00000, 0x00000000cbe00000| Untracked 
| 139|0x00000000cbf00000, 0x00000000cbf00000, 0x00000000cc000000|  0%| F|  |TAMS 0x00000000cbf00000, 0x00000000cbf00000| Untracked 
| 140|0x00000000cc000000, 0x00000000cc000000, 0x00000000cc100000|  0%| F|  |TAMS 0x00000000cc000000, 0x00000000cc000000| Untracked 
| 141|0x00000000cc100000, 0x00000000cc100000, 0x00000000cc200000|  0%| F|  |TAMS 0x00000000cc100000, 0x00000000cc100000| Untracked 
| 142|0x00000000cc200000, 0x00000000cc200000, 0x00000000cc300000|  0%| F|  |TAMS 0x00000000cc200000, 0x00000000cc200000| Untracked 
| 143|0x00000000cc300000, 0x00000000cc300000, 0x00000000cc400000|  0%| F|  |TAMS 0x00000000cc300000, 0x00000000cc300000| Untracked 
| 144|0x00000000cc400000, 0x00000000cc400000, 0x00000000cc500000|  0%| F|  |TAMS 0x00000000cc400000, 0x00000000cc400000| Untracked 
| 145|0x00000000cc500000, 0x00000000cc500000, 0x00000000cc600000|  0%| F|  |TAMS 0x00000000cc500000, 0x00000000cc500000| Untracked 
| 146|0x00000000cc600000, 0x00000000cc600000, 0x00000000cc700000|  0%| F|  |TAMS 0x00000000cc600000, 0x00000000cc600000| Untracked 
| 147|0x00000000cc700000, 0x00000000cc700000, 0x00000000cc800000|  0%| F|  |TAMS 0x00000000cc700000, 0x00000000cc700000| Untracked 
| 148|0x00000000cc800000, 0x00000000cc800000, 0x00000000cc900000|  0%| F|  |TAMS 0x00000000cc800000, 0x00000000cc800000| Untracked 
| 149|0x00000000cc900000, 0x00000000cc900000, 0x00000000cca00000|  0%| F|  |TAMS 0x00000000cc900000, 0x00000000cc900000| Untracked 
| 150|0x00000000cca00000, 0x00000000cca00000, 0x00000000ccb00000|  0%| F|  |TAMS 0x00000000cca00000, 0x00000000cca00000| Untracked 
| 151|0x00000000ccb00000, 0x00000000ccb00000, 0x00000000ccc00000|  0%| F|  |TAMS 0x00000000ccb00000, 0x00000000ccb00000| Untracked 

Card table byte_map: [0x000002363cea0000,0x000002363d090000] _byte_map_base: 0x000002363c886000

Marking Bits (Prev, Next): (CMBitMap*) 0x0000023623a3efa8, (CMBitMap*) 0x0000023623a3efe0
 Prev Bits: [0x000002363d280000, 0x000002363e1b0000)
 Next Bits: [0x000002363e1b0000, 0x000002363f0e0000)

Polling page: 0x0000023623ae0000

Metaspace:

Usage:
  Non-class:     63.35 MB capacity,    62.17 MB ( 98%) used,   971.32 KB (  1%) free+waste,   238.50 KB ( <1%) overhead. 
      Class:     10.37 MB capacity,     9.65 MB ( 93%) used,   618.23 KB (  6%) free+waste,   115.38 KB (  1%) overhead. 
       Both:     73.72 MB capacity,    71.82 MB ( 97%) used,     1.55 MB (  2%) free+waste,   353.88 KB ( <1%) overhead. 

Virtual space:
  Non-class space:       64.00 MB reserved,      63.50 MB (>99%) committed 
      Class space:        1.00 GB reserved,      10.38 MB (  1%) committed 
             Both:        1.06 GB reserved,      73.88 MB (  7%) committed 

Chunk freelists:
   Non-Class:  3.38 KB
       Class:  1.00 KB
        Both:  4.38 KB

CodeHeap 'non-profiled nmethods': size=238912Kb used=10219Kb max_used=10219Kb free=228692Kb
 bounds [0x000002362dd40000, 0x000002362e740000, 0x000002363c690000]
CodeHeap 'non-nmethods': size=6848Kb used=1246Kb max_used=1246Kb free=5601Kb
 bounds [0x000002362d690000, 0x000002362d900000, 0x000002362dd40000]
 total_blobs=6789 nmethods=6154 adapters=562
 compilation: enabled
              stopped_count=0, restarted_count=0
 full_count=0

Compilation events (10 events):
Event: 34.870 Thread 0x0000023641727800 6150       1       nonapi.io.github.classgraph.fastzipfilereader.NestedJarHandler$3::newInstance (10 bytes)
Event: 34.871 Thread 0x0000023641727800 nmethod 6150 0x000002362e739110 code [0x000002362e7392e0, 0x000002362e739608]
Event: 34.871 Thread 0x0000023641727800 6151       1       nonapi.io.github.classgraph.fastzipfilereader.NestedJarHandler$3::newInstance (14 bytes)
Event: 34.872 Thread 0x0000023641727800 nmethod 6151 0x000002362e739790 code [0x000002362e739960, 0x000002362e739c28]
Event: 34.872 Thread 0x0000023641727800 6152       1       nonapi.io.github.classgraph.fastzipfilereader.LogicalZipFile::<init> (26 bytes)
Event: 34.872 Thread 0x0000023641727800 nmethod 6152 0x000002362e739d90 code [0x000002362e739f60, 0x000002362e73a1a8]
Event: 34.872 Thread 0x0000023641727800 6153       1       nonapi.io.github.classgraph.fastzipfilereader.NestedJarHandler$7::read (60 bytes)
Event: 34.873 Thread 0x0000023641727800 nmethod 6153 0x000002362e73a310 code [0x000002362e73a4e0, 0x000002362e73a8b8]
Event: 34.873 Thread 0x0000023641727800 6154       1       nonapi.io.github.classgraph.fastzipfilereader.ZipFileSlice::appendPath (39 bytes)
Event: 34.874 Thread 0x0000023641727800 nmethod 6154 0x000002362e73aa90 code [0x000002362e73ac60, 0x000002362e73adc8]

GC Heap History (10 events):
Event: 34.442 GC heap after
{Heap after GC invocations=42 (full 0):
 garbage-first heap   total 110592K, used 94736K [0x00000000c3400000, 0x0000000100000000)
  region size 1024K, 1 young (1024K), 1 survivors (1024K)
 Metaspace       used 73461K, capacity 75412K, committed 75648K, reserved 1114112K
  class space    used 9872K, capacity 10613K, committed 10624K, reserved 1048576K
}
Event: 34.458 GC heap before
{Heap before GC invocations=43 (full 0):
 garbage-first heap   total 110592K, used 98832K [0x00000000c3400000, 0x0000000100000000)
  region size 1024K, 5 young (5120K), 1 survivors (1024K)
 Metaspace       used 73461K, capacity 75412K, committed 75648K, reserved 1114112K
  class space    used 9872K, capacity 10613K, committed 10624K, reserved 1048576K
}
Event: 34.469 GC heap after
{Heap after GC invocations=44 (full 0):
 garbage-first heap   total 155648K, used 96913K [0x00000000c3400000, 0x0000000100000000)
  region size 1024K, 1 young (1024K), 1 survivors (1024K)
 Metaspace       used 73461K, capacity 75412K, committed 75648K, reserved 1114112K
  class space    used 9872K, capacity 10613K, committed 10624K, reserved 1048576K
}
Event: 34.589 GC heap before
{Heap before GC invocations=44 (full 0):
 garbage-first heap   total 155648K, used 102033K [0x00000000c3400000, 0x0000000100000000)
  region size 1024K, 7 young (7168K), 1 survivors (1024K)
 Metaspace       used 73538K, capacity 75485K, committed 75648K, reserved 1114112K
  class space    used 9882K, capacity 10616K, committed 10624K, reserved 1048576K
}
Event: 34.595 GC heap after
{Heap after GC invocations=45 (full 0):
 garbage-first heap   total 155648K, used 97734K [0x00000000c3400000, 0x0000000100000000)
  region size 1024K, 2 young (2048K), 2 survivors (2048K)
 Metaspace       used 73538K, capacity 75485K, committed 75648K, reserved 1114112K
  class space    used 9882K, capacity 10616K, committed 10624K, reserved 1048576K
}
Event: 34.692 GC heap before
{Heap before GC invocations=45 (full 0):
 garbage-first heap   total 155648K, used 113094K [0x00000000c3400000, 0x0000000100000000)
  region size 1024K, 17 young (17408K), 2 survivors (2048K)
 Metaspace       used 73538K, capacity 75485K, committed 75648K, reserved 1114112K
  class space    used 9882K, capacity 10616K, committed 10624K, reserved 1048576K
}
Event: 34.703 GC heap after
{Heap after GC invocations=46 (full 0):
 garbage-first heap   total 155648K, used 100788K [0x00000000c3400000, 0x0000000100000000)
  region size 1024K, 3 young (3072K), 3 survivors (3072K)
 Metaspace       used 73538K, capacity 75485K, committed 75648K, reserved 1114112K
  class space    used 9882K, capacity 10616K, committed 10624K, reserved 1048576K
}
Event: 34.796 GC heap before
{Heap before GC invocations=46 (full 0):
 garbage-first heap   total 155648K, used 115124K [0x00000000c3400000, 0x0000000100000000)
  region size 1024K, 18 young (18432K), 3 survivors (3072K)
 Metaspace       used 73538K, capacity 75485K, committed 75648K, reserved 1114112K
  class space    used 9882K, capacity 10616K, committed 10624K, reserved 1048576K
}
Event: 34.807 GC heap after
{Heap after GC invocations=47 (full 0):
 garbage-first heap   total 155648K, used 104154K [0x00000000c3400000, 0x0000000100000000)
  region size 1024K, 3 young (3072K), 3 survivors (3072K)
 Metaspace       used 73538K, capacity 75485K, committed 75648K, reserved 1114112K
  class space    used 9882K, capacity 10616K, committed 10624K, reserved 1048576K
}
Event: 34.920 GC heap before
{Heap before GC invocations=47 (full 0):
 garbage-first heap   total 155648K, used 117466K [0x00000000c3400000, 0x0000000100000000)
  region size 1024K, 18 young (18432K), 3 survivors (3072K)
 Metaspace       used 73541K, capacity 75485K, committed 75648K, reserved 1114112K
  class space    used 9882K, capacity 10616K, committed 10624K, reserved 1048576K
}

Deoptimization events (0 events):
No events

Classes redefined (0 events):
No events

Internal exceptions (10 events):
Event: 32.146 Thread 0x000002364373d000 Exception <a 'java/lang/ClassNotFoundException'{0x00000000c7954518}: org/springframework/security/config/annotation/web/configuration/WebSecurityConfigurationCustomizer> (0x00000000c7954518) thrown at [./open/src/hotspot/share/classfile/systemDictionary.c
Event: 32.149 Thread 0x000002364373d000 Exception <a 'java/lang/ClassNotFoundException'{0x00000000c798afd8}: org/springframework/context/annotation/ImportAwareCustomizer> (0x00000000c798afd8) thrown at [./open/src/hotspot/share/classfile/systemDictionary.cpp, line 228]
Event: 32.150 Thread 0x000002364373d000 Exception <a 'java/lang/ClassNotFoundException'{0x00000000c79b1b98}: org/springframework/beans/factory/AwareCustomizer> (0x00000000c79b1b98) thrown at [./open/src/hotspot/share/classfile/systemDictionary.cpp, line 228]
Event: 32.152 Thread 0x000002364373d000 Exception <a 'java/lang/ClassNotFoundException'{0x00000000c79ddff0}: org/springframework/beans/factory/BeanClassLoaderAwareCustomizer> (0x00000000c79ddff0) thrown at [./open/src/hotspot/share/classfile/systemDictionary.cpp, line 228]
Event: 32.153 Thread 0x000002364373d000 Exception <a 'java/lang/ClassNotFoundException'{0x00000000c7805060}: org/springframework/beans/factory/AwareCustomizer> (0x00000000c7805060) thrown at [./open/src/hotspot/share/classfile/systemDictionary.cpp, line 228]
Event: 32.575 Thread 0x000002364373d000 Exception <a 'java/lang/ClassNotFoundException'{0x00000000c9afde90}: java/lang/ObjectCustomizer> (0x00000000c9afde90) thrown at [./open/src/hotspot/share/classfile/systemDictionary.cpp, line 228]
Event: 32.577 Thread 0x000002364373d000 Exception <a 'java/lang/ClassNotFoundException'{0x00000000c994d6e8}: org/springframework/security/config/annotation/web/configuration/HttpSecurityConfigurationCustomizer> (0x00000000c994d6e8) thrown at [./open/src/hotspot/share/classfile/systemDictionary.
Event: 32.830 Thread 0x000002364373d000 Exception <a 'java/lang/NoSuchMethodError'{0x00000000c8f21b18}: java.lang.invoke.DirectMethodHandle$Holder.invokeVirtual(Ljava/lang/Object;Ljava/lang/Object;I)V> (0x00000000c8f21b18) thrown at [./open/src/hotspot/share/interpreter/linkResolver.cpp, line 7
Event: 32.833 Thread 0x000002364373d000 Exception <a 'java/lang/NoSuchMethodError'{0x00000000c8f3b6d0}: java.lang.invoke.DirectMethodHandle$Holder.invokeVirtual(Ljava/lang/Object;Ljava/lang/Object;J)V> (0x00000000c8f3b6d0) thrown at [./open/src/hotspot/share/interpreter/linkResolver.cpp, line 7
Event: 33.216 Thread 0x000002364373d000 Exception <a 'java/lang/IncompatibleClassChangeError'{0x00000000c820ab08}: Found class java.lang.Object, but interface was expected> (0x00000000c820ab08) thrown at [./open/src/hotspot/share/interpreter/linkResolver.cpp, line 838]

Events (10 events):
Event: 34.596 Executing VM operation: G1CollectForAllocation done
Event: 34.676 Executing VM operation: RevokeBias
Event: 34.677 Executing VM operation: RevokeBias done
Event: 34.692 Executing VM operation: G1CollectForAllocation
Event: 34.703 Executing VM operation: G1CollectForAllocation done
Event: 34.795 Executing VM operation: G1CollectForAllocation
Event: 34.807 Executing VM operation: G1CollectForAllocation done
Event: 34.841 Executing VM operation: CGC_Operation
Event: 34.856 Executing VM operation: CGC_Operation done
Event: 34.918 Executing VM operation: G1CollectForAllocation


Dynamic libraries:
0x00007ff6b9580000 - 0x00007ff6b958f000 	C:\Program Files\Java\jdk-11.0.10\bin\javaw.exe
0x00007ffb76090000 - 0x00007ffb76285000 	C:\Windows\SYSTEM32\ntdll.dll
0x00007ffb752d0000 - 0x00007ffb7538d000 	C:\Windows\System32\KERNEL32.DLL
0x00007ffb73e20000 - 0x00007ffb740e8000 	C:\Windows\System32\KERNELBASE.dll
0x00007ffb73b00000 - 0x00007ffb73c00000 	C:\Windows\System32\ucrtbase.dll
0x00007ffb6cf30000 - 0x00007ffb6cf48000 	C:\Program Files\Java\jdk-11.0.10\bin\jli.dll
0x00007ffb75b70000 - 0x00007ffb75c1c000 	C:\Windows\System32\ADVAPI32.dll
0x00007ffb75ca0000 - 0x00007ffb75d3e000 	C:\Windows\System32\msvcrt.dll
0x00007ffb75df0000 - 0x00007ffb75e8b000 	C:\Windows\System32\sechost.dll
0x00007ffb75930000 - 0x00007ffb75a5b000 	C:\Windows\System32\RPCRT4.dll
0x00007ffb74a90000 - 0x00007ffb74c30000 	C:\Windows\System32\USER32.dll
0x00007ffb73c30000 - 0x00007ffb73c52000 	C:\Windows\System32\win32u.dll
0x00007ffb75390000 - 0x00007ffb753ba000 	C:\Windows\System32\GDI32.dll
0x00007ffb73d10000 - 0x00007ffb73e1b000 	C:\Windows\System32\gdi32full.dll
0x00007ffb739b0000 - 0x00007ffb73a4d000 	C:\Windows\System32\msvcp_win.dll
0x00007ffb6cf50000 - 0x00007ffb6cf65000 	C:\Program Files\Java\jdk-11.0.10\bin\VCRUNTIME140.dll
0x00007ffb61e00000 - 0x00007ffb6209a000 	C:\Windows\WinSxS\amd64_microsoft.windows.common-controls_6595b64144ccf1df_6.0.19041.844_none_ca00b6081b84eb1d\COMCTL32.dll
0x00007ffb64300000 - 0x00007ffb6430a000 	C:\Windows\SYSTEM32\VERSION.dll
0x00007ffb74160000 - 0x00007ffb74190000 	C:\Windows\System32\IMM32.DLL
0x00007ffb54ab0000 - 0x00007ffb54b4b000 	C:\Program Files\Java\jdk-11.0.10\bin\msvcp140.dll
0x00007ffb43090000 - 0x00007ffb43b8b000 	C:\Program Files\Java\jdk-11.0.10\bin\server\jvm.dll
0x00007ffb751f0000 - 0x00007ffb751f8000 	C:\Windows\System32\PSAPI.DLL
0x00007ffb620d0000 - 0x00007ffb620d9000 	C:\Windows\SYSTEM32\WSOCK32.dll
0x00007ffb75170000 - 0x00007ffb751db000 	C:\Windows\System32\WS2_32.dll
0x00007ffb642d0000 - 0x00007ffb642f7000 	C:\Windows\SYSTEM32\WINMM.dll
0x00007ffb71720000 - 0x00007ffb71732000 	C:\Windows\SYSTEM32\kernel.appcore.dll
0x00007ffb6df10000 - 0x00007ffb6df20000 	C:\Program Files\Java\jdk-11.0.10\bin\verify.dll
0x00007ffb64790000 - 0x00007ffb64974000 	C:\Windows\SYSTEM32\DBGHELP.DLL
0x00007ffb64120000 - 0x00007ffb6414c000 	C:\Windows\SYSTEM32\dbgcore.DLL
0x00007ffb73930000 - 0x00007ffb739b0000 	C:\Windows\System32\bcryptPrimitives.dll
0x00007ffb6a290000 - 0x00007ffb6a2b8000 	C:\Program Files\Java\jdk-11.0.10\bin\java.dll
0x00007ffb6dee0000 - 0x00007ffb6deea000 	C:\Program Files\Java\jdk-11.0.10\bin\jimage.dll
0x00007ffb6c7c0000 - 0x00007ffb6c7d6000 	C:\Program Files\Java\jdk-11.0.10\bin\zip.dll
0x00007ffb74190000 - 0x00007ffb748d2000 	C:\Windows\System32\SHELL32.dll
0x00007ffb71920000 - 0x00007ffb720b0000 	C:\Windows\SYSTEM32\windows.storage.dll
0x00007ffb74e10000 - 0x00007ffb75165000 	C:\Windows\System32\combase.dll
0x00007ffb73240000 - 0x00007ffb7326c000 	C:\Windows\SYSTEM32\Wldp.dll
0x00007ffb75d40000 - 0x00007ffb75dee000 	C:\Windows\System32\SHCORE.dll
0x00007ffb740f0000 - 0x00007ffb74145000 	C:\Windows\System32\shlwapi.dll
0x00007ffb73710000 - 0x00007ffb7372f000 	C:\Windows\SYSTEM32\profapi.dll
0x00007ffb6c750000 - 0x00007ffb6c769000 	C:\Program Files\Java\jdk-11.0.10\bin\net.dll
0x00007ffb6a050000 - 0x00007ffb6a15b000 	C:\Windows\SYSTEM32\WINHTTP.dll
0x00007ffb72fb0000 - 0x00007ffb7301a000 	C:\Windows\system32\mswsock.dll
0x00007ffb6c5c0000 - 0x00007ffb6c5d2000 	C:\Program Files\Java\jdk-11.0.10\bin\nio.dll
0x00007ffb6c680000 - 0x00007ffb6c689000 	C:\Program Files\Java\jdk-11.0.10\bin\management.dll
0x00007ffb6c600000 - 0x00007ffb6c60b000 	C:\Program Files\Java\jdk-11.0.10\bin\management_ext.dll
0x00007ffb62fe0000 - 0x00007ffb62ff7000 	C:\Windows\system32\napinsp.dll
0x00007ffb62330000 - 0x00007ffb6234b000 	C:\Windows\system32\pnrpnsp.dll
0x00007ffb6d980000 - 0x00007ffb6d995000 	C:\Windows\system32\wshbth.dll
0x00007ffb6f3b0000 - 0x00007ffb6f3cd000 	C:\Windows\system32\NLAapi.dll
0x00007ffb72c30000 - 0x00007ffb72c6b000 	C:\Windows\SYSTEM32\IPHLPAPI.DLL
0x00007ffb72c70000 - 0x00007ffb72d3c000 	C:\Windows\SYSTEM32\DNSAPI.dll
0x00007ffb74150000 - 0x00007ffb74158000 	C:\Windows\System32\NSI.dll
0x00007ffb62310000 - 0x00007ffb62322000 	C:\Windows\System32\winrnr.dll
0x00007ffb67060000 - 0x00007ffb6706a000 	C:\Windows\System32\rasadhlp.dll
0x00007ffb673d0000 - 0x00007ffb6744f000 	C:\Windows\System32\fwpuclnt.dll
0x00007ffb73c00000 - 0x00007ffb73c27000 	C:\Windows\System32\bcrypt.dll
0x00007ffb73180000 - 0x00007ffb73198000 	C:\Windows\SYSTEM32\CRYPTSP.dll
0x00007ffb72880000 - 0x00007ffb728b4000 	C:\Windows\system32\rsaenh.dll
0x00007ffb736d0000 - 0x00007ffb736fe000 	C:\Windows\SYSTEM32\USERENV.dll
0x00007ffb731a0000 - 0x00007ffb731ac000 	C:\Windows\SYSTEM32\CRYPTBASE.dll
0x00007ffb6b070000 - 0x00007ffb6b087000 	C:\Windows\SYSTEM32\dhcpcsvc6.DLL
0x00007ffb6b910000 - 0x00007ffb6b92d000 	C:\Windows\SYSTEM32\dhcpcsvc.DLL
0x00007ffb67ea0000 - 0x00007ffb67ec5000 	C:\Program Files\Java\jdk-11.0.10\bin\sunec.dll
0x00007ffb6c7b0000 - 0x00007ffb6c7bd000 	C:\Program Files\Java\jdk-11.0.10\bin\sunmscapi.dll
0x00007ffb737d0000 - 0x00007ffb7392f000 	C:\Windows\System32\CRYPT32.dll
0x00007ffb732b0000 - 0x00007ffb732d7000 	C:\Windows\SYSTEM32\ncrypt.dll
0x00007ffb73270000 - 0x00007ffb732ab000 	C:\Windows\SYSTEM32\NTASN1.dll

dbghelp: loaded successfully - version: 4.0.5 - missing functions: none
symbol engine: initialized successfully - sym options: 0x614 - pdb path: .;C:\Program Files\Java\jdk-11.0.10\bin;C:\Windows\SYSTEM32;C:\Windows\WinSxS\amd64_microsoft.windows.common-controls_6595b64144ccf1df_6.0.19041.844_none_ca00b6081b84eb1d;C:\Program Files\Java\jdk-11.0.10\bin\server

VM Arguments:
jvm_args: -Dcom.sun.management.jmxremote -Dcom.sun.management.jmxremote.port=61549 -Dcom.sun.management.jmxremote.authenticate=false -Dcom.sun.management.jmxremote.ssl=false -Djava.rmi.server.hostname=localhost -Dspring.jmx.enabled=true -Dspring.application.admin.enabled=true -XX:TieredStopAtLevel=1 -Dspring.boot.project.name=pokemon -Dfile.encoding=UTF-8 
java_command: com.pokemon.PokemonApplication
java_class_path (initial): C:\Users\ManoelVitor\eclipse-workspace\ex1\pokemon\target\classes;C:\Users\ManoelVitor\.m2\repository\org\springframework\boot\spring-boot-starter-data-jpa\2.4.4\spring-boot-starter-data-jpa-2.4.4.jar;C:\Users\ManoelVitor\.m2\repository\org\springframework\boot\spring-boot-starter-aop\2.4.4\spring-boot-starter-aop-2.4.4.jar;C:\Users\ManoelVitor\.m2\repository\org\aspectj\aspectjweaver\1.9.6\aspectjweaver-1.9.6.jar;C:\Users\ManoelVitor\.m2\repository\org\springframework\boot\spring-boot-starter-jdbc\2.4.4\spring-boot-starter-jdbc-2.4.4.jar;C:\Users\ManoelVitor\.m2\repository\com\zaxxer\HikariCP\3.4.5\HikariCP-3.4.5.jar;C:\Users\ManoelVitor\.m2\repository\org\springframework\spring-jdbc\5.3.5\spring-jdbc-5.3.5.jar;C:\Users\ManoelVitor\.m2\repository\jakarta\transaction\jakarta.transaction-api\1.3.3\jakarta.transaction-api-1.3.3.jar;C:\Users\ManoelVitor\.m2\repository\jakarta\persistence\jakarta.persistence-api\2.2.3\jakarta.persistence-api-2.2.3.jar;C:\Users\ManoelVitor\.m2\repository\org\hibernate\hibernate-core\5.4.29.Final\hibernate-core-5.4.29.Final.jar;C:\Users\ManoelVitor\.m2\repository\org\jboss\logging\jboss-logging\3.4.1.Final\jboss-logging-3.4.1.Final.jar;C:\Users\ManoelVitor\.m2\repository\org\javassist\javassist\3.27.0-GA\javassist-3.27.0-GA.jar;C:\Users\ManoelVitor\.m2\repository\net\bytebuddy\byte-buddy\1.10.22\byte-buddy-1.10.22.jar;C:\Users\ManoelVitor\.m2\repository\antlr\antlr\2.7.7\antlr-2.7.7.jar;C:\Users\ManoelVitor\.m2\repository\org\jboss\jandex\2.2.3.Final\jandex-2.2.3.Final.jar;C:\Users\ManoelVitor\.m2\repository\com\fasterxml\classmate\1.5.1\classmate-1.5.1.jar;C:\Users\ManoelVitor\.m2\repository\org\dom4j\dom4j\2.1.3\dom4j-2.1.3.jar;C:\Users\ManoelVitor\.m2\repository\org\hibernate\common\hibernate-commons-annotations\5.1.2.Final\hibernate-commons-annotations-5.1.2.Final.jar;C:\Users\ManoelVitor\.m2\repository\org\glassfish\jaxb\jaxb-runtime\2.3.3\jaxb-runtime-2.3.3.jar;C:\Users\ManoelVitor\.m2\repository\org\gla
Launcher Type: SUN_STANDARD

[Global flags]
     intx CICompilerCount                          = 3                                         {product} {ergonomic}
     uint ConcGCThreads                            = 1                                         {product} {ergonomic}
     uint G1ConcRefinementThreads                  = 4                                         {product} {ergonomic}
   size_t G1HeapRegionSize                         = 1048576                                   {product} {ergonomic}
    uintx GCDrainStackTargetSize                   = 64                                        {product} {ergonomic}
   size_t InitialHeapSize                          = 65011712                                  {product} {ergonomic}
     bool ManagementServer                         = true                                      {product} {command line}
   size_t MarkStackSize                            = 4194304                                   {product} {ergonomic}
   size_t MaxHeapSize                              = 1019215872                                {product} {ergonomic}
   size_t MaxNewSize                               = 611319808                                 {product} {ergonomic}
   size_t MinHeapDeltaBytes                        = 1048576                                   {product} {ergonomic}
    uintx NonNMethodCodeHeapSize                   = 6973028                                {pd product} {ergonomic}
    uintx NonProfiledCodeHeapSize                  = 244685212                              {pd product} {ergonomic}
    uintx ProfiledCodeHeapSize                     = 0                                      {pd product} {ergonomic}
    uintx ReservedCodeCacheSize                    = 251658240                              {pd product} {ergonomic}
     bool SegmentedCodeCache                       = true                                      {product} {ergonomic}
     intx TieredStopAtLevel                        = 1                                         {product} {command line}
     bool UseCompressedClassPointers               = true                                 {lp64_product} {ergonomic}
     bool UseCompressedOops                        = true                                 {lp64_product} {ergonomic}
     bool UseG1GC                                  = true                                      {product} {ergonomic}
     bool UseLargePagesIndividualAllocation        = false                                  {pd product} {ergonomic}

Logging:
Log output configuration:
 #0: stdout all=warning uptime,level,tags
 #1: stderr all=off uptime,level,tags

Environment Variables:
PATH=C:/Program Files/Java/jdk-11.0.10/bin/server;C:/Program Files/Java/jdk-11.0.10/bin;C:\Program Files\Common Files\Oracle\Java\javapath;C:\Windows\system32;C:\Windows;C:\Windows\System32\Wbem;C:\Windows\System32\WindowsPowerShell\v1.0\;C:\Windows\System32\OpenSSH\;C:\Program Files\Git\cmd;C:\Users\ManoelVitor\AppData\Local\Programs\Python\Python39\Scripts\;C:\Users\ManoelVitor\AppData\Local\Programs\Python\Python39\;C:\src\flutter_windows_1.22.6-stable\flutter\bin;C:\Users\ManoelVitor\AppData\Local\Microsoft\WindowsApps;C:\Users\ManoelVitor\AppData\Local\Programs\Microsoft VS Code\bin;C:\Program Files\heroku\bin;C:\Windows\System32;
USERNAME=ManoelVitor
OS=Windows_NT
PROCESSOR_IDENTIFIER=Intel64 Family 6 Model 37 Stepping 5, GenuineIntel



---------------  S Y S T E M  ---------------

OS: Windows 10 , 64 bit Build 19041 (10.0.19041.928)

CPU:total 4 (initial active 4) (2 cores per cpu, 2 threads per core) family 6 model 37 stepping 5 microcode 0x7, cmov, cx8, fxsr, mmx, sse, sse2, sse3, ssse3, sse4.1, sse4.2, popcnt, ht, tsc, tscinvbit

Memory: 4k page, system-wide physical 3887M (302M free)
TotalPageFile size 15663M (AvailPageFile size 35M)
current process WorkingSet (physical memory assigned to process): 285M, peak: 285M
current process commit charge ("private bytes"): 362M, peak: 514M

vm_info: Java HotSpot(TM) 64-Bit Server VM (11.0.10+8-LTS-162) for windows-amd64 JRE (11.0.10+8-LTS-162), built on Dec  8 2020 16:32:57 by "mach5one" with MS VC++ 15.9 (VS2017)

END.
